

================================================================
== Vivado HLS Report for 'cordic'
================================================================
* Date:           Wed Dec 23 16:55:48 2020

* Version:        2019.1 (Build 2552052 on Fri May 24 15:28:33 MDT 2019)
* Project:        solution2
* Solution:       solution2
* Product family: zynq
* Target device:  xc7z020-clg484-1


================================================================
== Performance Estimates
================================================================
+ Timing (ns): 
    * Summary: 
    +--------+-------+----------+------------+
    |  Clock | Target| Estimated| Uncertainty|
    +--------+-------+----------+------------+
    |ap_clk  |  10.00|     8.729|        1.25|
    +--------+-------+----------+------------+

+ Latency (clock cycles): 
    * Summary: 
    +-----+-----+-----+-----+---------+
    |  Latency  |  Interval | Pipeline|
    | min | max | min | max |   Type  |
    +-----+-----+-----+-----+---------+
    |  744|  744|  744|  744|   none  |
    +-----+-----+-----+-----+---------+

    + Detail: 
        * Instance: 
        N/A

        * Loop: 
        +----------+-----+-----+----------+-----------+-----------+------+----------+
        |          |  Latency  | Iteration|  Initiation Interval  | Trip |          |
        | Loop Name| min | max |  Latency |  achieved |   target  | Count| Pipelined|
        +----------+-----+-----+----------+-----------+-----------+------+----------+
        |- Loop 1  |  742|  742|        31|          8|          8|    90|    yes   |
        +----------+-----+-----+----------+-----------+-----------+------+----------+



================================================================
== Utilization Estimates
================================================================
* Summary: 
+-----------------+---------+-------+--------+-------+-----+
|       Name      | BRAM_18K| DSP48E|   FF   |  LUT  | URAM|
+-----------------+---------+-------+--------+-------+-----+
|DSP              |        -|      -|       -|      -|    -|
|Expression       |        -|      -|      80|   7362|    -|
|FIFO             |        -|      -|       -|      -|    -|
|Instance         |        -|      0|     100|    138|    -|
|Memory           |        -|      -|       -|      -|    -|
|Multiplexer      |        -|      -|       -|     77|    -|
|Register         |        0|      -|    1788|     64|    -|
+-----------------+---------+-------+--------+-------+-----+
|Total            |        0|      0|    1968|   7641|    0|
+-----------------+---------+-------+--------+-------+-----+
|Available        |      280|    220|  106400|  53200|    0|
+-----------------+---------+-------+--------+-------+-----+
|Utilization (%)  |        0|      0|       1|     14|    0|
+-----------------+---------+-------+--------+-------+-----+

+ Detail: 
    * Instance: 
    +-------------------------+----------------------+---------+-------+-----+-----+-----+
    |         Instance        |        Module        | BRAM_18K| DSP48E|  FF | LUT | URAM|
    +-------------------------+----------------------+---------+-------+-----+-----+-----+
    |cordic_fpext_32nsbkb_U1  |cordic_fpext_32nsbkb  |        0|      0|  100|  138|    0|
    +-------------------------+----------------------+---------+-------+-----+-----+-----+
    |Total                    |                      |        0|      0|  100|  138|    0|
    +-------------------------+----------------------+---------+-------+-----+-----+-----+

    * DSP48E: 
    N/A

    * Memory: 
    N/A

    * FIFO: 
    N/A

    * Expression: 
    +-----------------------------+----------+-------+----+-----+------------+------------+
    |        Variable Name        | Operation| DSP48E| FF | LUT | Bitwidth P0| Bitwidth P1|
    +-----------------------------+----------+-------+----+-----+------------+------------+
    |add_ln1496_10_fu_858_p2      |     +    |      0|   0|    8|          11|          24|
    |add_ln1496_11_fu_863_p2      |     +    |      0|   0|    8|          24|          24|
    |add_ln1496_12_fu_892_p2      |     +    |      0|   0|    8|          10|          24|
    |add_ln1496_13_fu_897_p2      |     +    |      0|   0|    8|          24|          24|
    |add_ln1496_14_fu_926_p2      |     +    |      0|   0|    8|           9|          24|
    |add_ln1496_15_fu_931_p2      |     +    |      0|   0|    8|          24|          24|
    |add_ln1496_16_fu_1206_p2     |     +    |      0|   0|    8|           8|          24|
    |add_ln1496_17_fu_1211_p2     |     +    |      0|   0|    8|          24|          24|
    |add_ln1496_18_fu_1406_p2     |     +    |      0|   0|    8|           7|          24|
    |add_ln1496_19_fu_1411_p2     |     +    |      0|   0|    8|          24|          24|
    |add_ln1496_1_fu_693_p2       |     +    |      0|   0|    8|          24|          24|
    |add_ln1496_20_fu_1598_p2     |     +    |      0|   0|    8|           6|          24|
    |add_ln1496_21_fu_1603_p2     |     +    |      0|   0|    8|          24|          24|
    |add_ln1496_22_fu_1794_p2     |     +    |      0|   0|    8|           5|          24|
    |add_ln1496_23_fu_1799_p2     |     +    |      0|   0|    8|          24|          24|
    |add_ln1496_24_fu_1934_p2     |     +    |      0|   0|    8|           4|          24|
    |add_ln1496_25_fu_1939_p2     |     +    |      0|   0|    8|          24|          24|
    |add_ln1496_26_fu_2028_p2     |     +    |      0|   0|    8|           3|          24|
    |add_ln1496_27_fu_2033_p2     |     +    |      0|   0|    8|          24|          24|
    |add_ln1496_28_fu_2150_p2     |     +    |      0|   0|    8|           2|          24|
    |add_ln1496_29_fu_2155_p2     |     +    |      0|   0|    8|          24|          24|
    |add_ln1496_2_fu_722_p2       |     +    |      0|   0|    8|          15|          24|
    |add_ln1496_3_fu_727_p2       |     +    |      0|   0|    8|          24|          24|
    |add_ln1496_4_fu_756_p2       |     +    |      0|   0|    8|          14|          24|
    |add_ln1496_5_fu_761_p2       |     +    |      0|   0|    8|          24|          24|
    |add_ln1496_6_fu_790_p2       |     +    |      0|   0|    8|          13|          24|
    |add_ln1496_7_fu_795_p2       |     +    |      0|   0|    8|          24|          24|
    |add_ln1496_8_fu_824_p2       |     +    |      0|   0|    8|          12|          24|
    |add_ln1496_9_fu_829_p2       |     +    |      0|   0|    8|          24|          24|
    |add_ln1496_fu_687_p2         |     +    |      0|   0|    8|          16|          24|
    |add_ln34_fu_658_p2           |     +    |      0|   0|   31|          24|          24|
    |add_ln581_fu_471_p2          |     +    |      0|   0|   12|           6|          12|
    |add_ln703_10_fu_1444_p2      |     +    |      0|   0|   29|          22|          22|
    |add_ln703_11_fu_1449_p2      |     +    |      0|   0|   27|          20|          20|
    |add_ln703_12_fu_1507_p2      |     +    |      0|   0|   29|          22|          22|
    |add_ln703_13_fu_1513_p2      |     +    |      0|   0|   27|          20|          20|
    |add_ln703_14_fu_1573_p2      |     +    |      0|   0|   29|          22|          22|
    |add_ln703_15_fu_1579_p2      |     +    |      0|   0|   27|          20|          20|
    |add_ln703_16_fu_1669_p2      |     +    |      0|   0|   29|          22|          22|
    |add_ln703_17_fu_1675_p2      |     +    |      0|   0|   27|          20|          20|
    |add_ln703_18_fu_1735_p2      |     +    |      0|   0|   29|          22|          22|
    |add_ln703_19_fu_1741_p2      |     +    |      0|   0|   27|          20|          20|
    |add_ln703_1_fu_1043_p2       |     +    |      0|   0|   24|          17|          17|
    |add_ln703_20_fu_1832_p2      |     +    |      0|   0|   29|          22|          22|
    |add_ln703_21_fu_1837_p2      |     +    |      0|   0|   27|          20|          20|
    |add_ln703_22_fu_1895_p2      |     +    |      0|   0|   29|          22|          22|
    |add_ln703_23_fu_1901_p2      |     +    |      0|   0|   27|          20|          20|
    |add_ln703_24_fu_1992_p2      |     +    |      0|   0|   29|          22|          22|
    |add_ln703_25_fu_1997_p2      |     +    |      0|   0|   27|          20|          20|
    |add_ln703_26_fu_2081_p2      |     +    |      0|   0|   29|          22|          22|
    |add_ln703_27_fu_2087_p2      |     +    |      0|   0|   27|          20|          20|
    |add_ln703_28_fu_2180_p2      |     +    |      0|   0|   29|          22|          22|
    |add_ln703_29_fu_2185_p2      |     +    |      0|   0|   27|          20|          20|
    |add_ln703_2_fu_1111_p2       |     +    |      0|   0|   29|          22|          22|
    |add_ln703_30_fu_2245_p2      |     +    |      0|   0|   29|          22|          22|
    |add_ln703_31_fu_2251_p2      |     +    |      0|   0|   27|          20|          20|
    |add_ln703_32_fu_2308_p2      |     +    |      0|   0|   29|          22|          22|
    |add_ln703_33_fu_2314_p2      |     +    |      0|   0|   27|          20|          20|
    |add_ln703_34_fu_2375_p2      |     +    |      0|   0|   29|          22|          22|
    |add_ln703_35_fu_2381_p2      |     +    |      0|   0|   27|          20|          20|
    |add_ln703_36_fu_2440_p2      |     +    |      0|   0|   29|          22|          22|
    |add_ln703_37_fu_2445_p2      |     +    |      0|   0|   27|          20|          20|
    |add_ln703_38_fu_2507_p2      |     +    |      0|   0|   29|          22|          22|
    |add_ln703_39_fu_2513_p2      |     +    |      0|   0|   27|          20|          20|
    |add_ln703_3_fu_1117_p2       |     +    |      0|   0|   25|          18|          18|
    |add_ln703_40_fu_2574_p2      |     +    |      0|   0|   29|          22|          22|
    |add_ln703_41_fu_2579_p2      |     +    |      0|   0|   27|          20|          20|
    |add_ln703_42_fu_2641_p2      |     +    |      0|   0|   29|          22|          22|
    |add_ln703_43_fu_2647_p2      |     +    |      0|   0|   27|          20|          20|
    |add_ln703_44_fu_2708_p2      |     +    |      0|   0|   29|          22|          22|
    |add_ln703_45_fu_2713_p2      |     +    |      0|   0|   27|          20|          20|
    |add_ln703_46_fu_2775_p2      |     +    |      0|   0|   29|          22|          22|
    |add_ln703_47_fu_2781_p2      |     +    |      0|   0|   27|          20|          20|
    |add_ln703_48_fu_2842_p2      |     +    |      0|   0|   29|          22|          22|
    |add_ln703_49_fu_2847_p2      |     +    |      0|   0|   27|          20|          20|
    |add_ln703_4_fu_1181_p2       |     +    |      0|   0|   29|          22|          22|
    |add_ln703_50_fu_2909_p2      |     +    |      0|   0|   29|          22|          22|
    |add_ln703_51_fu_2915_p2      |     +    |      0|   0|   27|          20|          20|
    |add_ln703_52_fu_2976_p2      |     +    |      0|   0|   29|          22|          22|
    |add_ln703_53_fu_2981_p2      |     +    |      0|   0|   27|          20|          20|
    |add_ln703_54_fu_3043_p2      |     +    |      0|   0|   29|          22|          22|
    |add_ln703_55_fu_3049_p2      |     +    |      0|   0|   27|          20|          20|
    |add_ln703_56_fu_3110_p2      |     +    |      0|   0|   29|          22|          22|
    |add_ln703_57_fu_3115_p2      |     +    |      0|   0|   27|          20|          20|
    |add_ln703_58_fu_3177_p2      |     +    |      0|   0|   29|          22|          22|
    |add_ln703_59_fu_3183_p2      |     +    |      0|   0|   27|          20|          20|
    |add_ln703_5_fu_1187_p2       |     +    |      0|   0|   26|          19|          19|
    |add_ln703_6_fu_1281_p2       |     +    |      0|   0|   29|          22|          22|
    |add_ln703_7_fu_1287_p2       |     +    |      0|   0|   27|          20|          20|
    |add_ln703_8_fu_1347_p2       |     +    |      0|   0|   29|          22|          22|
    |add_ln703_9_fu_1353_p2       |     +    |      0|   0|   27|          20|          20|
    |add_ln703_fu_1037_p2         |     +    |      0|   0|   25|          18|          18|
    |add_ln949_1_fu_3533_p2       |     +    |      0|   0|   31|           6|          24|
    |add_ln949_fu_3412_p2         |     +    |      0|   0|   31|           6|          24|
    |add_ln958_1_fu_3638_p2       |     +    |      0|   0|   39|           6|          32|
    |add_ln958_fu_3575_p2         |     +    |      0|   0|   39|           6|          32|
    |add_ln964_1_fu_3750_p2       |     +    |      0|   0|    8|           8|           8|
    |add_ln964_fu_3706_p2         |     +    |      0|   0|    8|           8|           8|
    |i_fu_382_p2                  |     +    |      0|   0|   15|           7|           1|
    |lsb_index_1_fu_3460_p2       |     +    |      0|   0|   39|           6|          32|
    |lsb_index_fu_3339_p2         |     +    |      0|   0|   39|           6|          32|
    |m_12_fu_3667_p2              |     +    |      0|   0|   39|          32|          32|
    |m_2_fu_3604_p2               |     +    |      0|   0|   39|          32|          32|
    |F2_fu_459_p2                 |     -    |      0|   0|   12|          11|          12|
    |man_V_1_fu_439_p2            |     -    |      0|   0|   61|           1|          54|
    |sub_ln581_fu_477_p2          |     -    |      0|   0|   12|           5|          12|
    |sub_ln703_10_fu_1439_p2      |     -    |      0|   0|   27|          20|          20|
    |sub_ln703_11_fu_1454_p2      |     -    |      0|   0|   29|          22|          22|
    |sub_ln703_12_fu_1501_p2      |     -    |      0|   0|   27|          20|          20|
    |sub_ln703_13_fu_1519_p2      |     -    |      0|   0|   29|          22|          22|
    |sub_ln703_14_fu_1567_p2      |     -    |      0|   0|   27|          20|          20|
    |sub_ln703_15_fu_1585_p2      |     -    |      0|   0|   29|          22|          22|
    |sub_ln703_16_fu_1663_p2      |     -    |      0|   0|   27|          20|          20|
    |sub_ln703_17_fu_1681_p2      |     -    |      0|   0|   29|          22|          22|
    |sub_ln703_18_fu_1729_p2      |     -    |      0|   0|   27|          20|          20|
    |sub_ln703_19_fu_1747_p2      |     -    |      0|   0|   29|          22|          22|
    |sub_ln703_1_fu_1049_p2       |     -    |      0|   0|   25|          18|          18|
    |sub_ln703_20_fu_1827_p2      |     -    |      0|   0|   27|          20|          20|
    |sub_ln703_21_fu_1842_p2      |     -    |      0|   0|   29|          22|          22|
    |sub_ln703_22_fu_1889_p2      |     -    |      0|   0|   27|          20|          20|
    |sub_ln703_23_fu_1907_p2      |     -    |      0|   0|   29|          22|          22|
    |sub_ln703_24_fu_1987_p2      |     -    |      0|   0|   27|          20|          20|
    |sub_ln703_25_fu_2002_p2      |     -    |      0|   0|   29|          22|          22|
    |sub_ln703_26_fu_2075_p2      |     -    |      0|   0|   27|          20|          20|
    |sub_ln703_27_fu_2093_p2      |     -    |      0|   0|   29|          22|          22|
    |sub_ln703_28_fu_2175_p2      |     -    |      0|   0|   27|          20|          20|
    |sub_ln703_29_fu_2190_p2      |     -    |      0|   0|   29|          22|          22|
    |sub_ln703_2_fu_1105_p2       |     -    |      0|   0|   25|          18|          18|
    |sub_ln703_30_fu_2239_p2      |     -    |      0|   0|   27|          20|          20|
    |sub_ln703_31_fu_2257_p2      |     -    |      0|   0|   29|          22|          22|
    |sub_ln703_32_fu_2303_p2      |     -    |      0|   0|   27|          20|          20|
    |sub_ln703_33_fu_2319_p2      |     -    |      0|   0|   29|          22|          22|
    |sub_ln703_34_fu_2369_p2      |     -    |      0|   0|   27|          20|          20|
    |sub_ln703_35_fu_2387_p2      |     -    |      0|   0|   29|          22|          22|
    |sub_ln703_36_fu_2435_p2      |     -    |      0|   0|   27|          20|          20|
    |sub_ln703_37_fu_2450_p2      |     -    |      0|   0|   29|          22|          22|
    |sub_ln703_38_fu_2501_p2      |     -    |      0|   0|   27|          20|          20|
    |sub_ln703_39_fu_2519_p2      |     -    |      0|   0|   29|          22|          22|
    |sub_ln703_3_fu_1123_p2       |     -    |      0|   0|   29|          22|          22|
    |sub_ln703_40_fu_2569_p2      |     -    |      0|   0|   27|          20|          20|
    |sub_ln703_41_fu_2584_p2      |     -    |      0|   0|   29|          22|          22|
    |sub_ln703_42_fu_2635_p2      |     -    |      0|   0|   27|          20|          20|
    |sub_ln703_43_fu_2653_p2      |     -    |      0|   0|   29|          22|          22|
    |sub_ln703_44_fu_2703_p2      |     -    |      0|   0|   27|          20|          20|
    |sub_ln703_45_fu_2718_p2      |     -    |      0|   0|   29|          22|          22|
    |sub_ln703_46_fu_2769_p2      |     -    |      0|   0|   27|          20|          20|
    |sub_ln703_47_fu_2787_p2      |     -    |      0|   0|   29|          22|          22|
    |sub_ln703_48_fu_2837_p2      |     -    |      0|   0|   27|          20|          20|
    |sub_ln703_49_fu_2852_p2      |     -    |      0|   0|   29|          22|          22|
    |sub_ln703_4_fu_1175_p2       |     -    |      0|   0|   26|          19|          19|
    |sub_ln703_50_fu_2903_p2      |     -    |      0|   0|   27|          20|          20|
    |sub_ln703_51_fu_2921_p2      |     -    |      0|   0|   29|          22|          22|
    |sub_ln703_52_fu_2971_p2      |     -    |      0|   0|   27|          20|          20|
    |sub_ln703_53_fu_2986_p2      |     -    |      0|   0|   29|          22|          22|
    |sub_ln703_54_fu_3037_p2      |     -    |      0|   0|   27|          20|          20|
    |sub_ln703_55_fu_3055_p2      |     -    |      0|   0|   29|          22|          22|
    |sub_ln703_56_fu_3105_p2      |     -    |      0|   0|   27|          20|          20|
    |sub_ln703_57_fu_3120_p2      |     -    |      0|   0|   29|          22|          22|
    |sub_ln703_58_fu_3171_p2      |     -    |      0|   0|   27|          20|          20|
    |sub_ln703_59_fu_3189_p2      |     -    |      0|   0|   29|          22|          22|
    |sub_ln703_5_fu_1193_p2       |     -    |      0|   0|   29|          22|          22|
    |sub_ln703_6_fu_1275_p2       |     -    |      0|   0|   27|          20|          20|
    |sub_ln703_7_fu_1293_p2       |     -    |      0|   0|   29|          22|          22|
    |sub_ln703_8_fu_1341_p2       |     -    |      0|   0|   27|          20|          20|
    |sub_ln703_9_fu_1359_p2       |     -    |      0|   0|   29|          22|          22|
    |sub_ln703_fu_1031_p2         |     -    |      0|   0|   24|          17|          17|
    |sub_ln939_1_fu_3283_p2       |     -    |      0|   0|   30|           1|          23|
    |sub_ln939_fu_3233_p2         |     -    |      0|   0|   29|           1|          22|
    |sub_ln944_1_fu_3451_p2       |     -    |      0|   0|   39|           5|          32|
    |sub_ln944_fu_3330_p2         |     -    |      0|   0|   39|           5|          32|
    |sub_ln947_1_fu_3486_p2       |     -    |      0|   0|   15|           5|           5|
    |sub_ln947_fu_3365_p2         |     -    |      0|   0|   15|           5|           5|
    |sub_ln958_1_fu_3649_p2       |     -    |      0|   0|   39|           5|          32|
    |sub_ln958_fu_3586_p2         |     -    |      0|   0|   39|           5|          32|
    |sub_ln964_1_fu_3745_p2       |     -    |      0|   0|    8|           4|           8|
    |sub_ln964_fu_3701_p2         |     -    |      0|   0|    8|           4|           8|
    |a_1_fu_3513_p2               |    and   |      0|   0|    2|           1|           1|
    |a_fu_3392_p2                 |    and   |      0|   0|    2|           1|           1|
    |and_ln581_fu_573_p2          |    and   |      0|   0|    2|           1|           1|
    |and_ln582_fu_551_p2          |    and   |      0|   0|    2|           1|           1|
    |and_ln585_1_fu_598_p2        |    and   |      0|   0|    2|           1|           1|
    |and_ln585_fu_584_p2          |    and   |      0|   0|    2|           1|           1|
    |and_ln603_fu_623_p2          |    and   |      0|   0|    2|           1|           1|
    |and_ln949_1_fu_3546_p2       |    and   |      0|   0|    2|           1|           1|
    |and_ln949_fu_3425_p2         |    and   |      0|   0|    2|           1|           1|
    |p_Result_11_fu_3502_p2       |    and   |      0|   0|   24|          24|          24|
    |p_Result_6_fu_3381_p2        |    and   |      0|   0|   24|          24|          24|
    |ashr_ln586_fu_518_p2         |   ashr   |      0|   0|  162|          54|          54|
    |l_1_fu_3318_p3               |   cttz   |      0|  40|   36|          32|           0|
    |l_fu_3266_p3                 |   cttz   |      0|  40|   36|          32|           0|
    |icmp_ln15_fu_376_p2          |   icmp   |      0|   0|   11|           7|           7|
    |icmp_ln571_fu_453_p2         |   icmp   |      0|   0|   29|          63|           1|
    |icmp_ln581_fu_465_p2         |   icmp   |      0|   0|   13|          12|           5|
    |icmp_ln582_fu_491_p2         |   icmp   |      0|   0|   13|          12|           5|
    |icmp_ln585_fu_504_p2         |   icmp   |      0|   0|   13|          12|           6|
    |icmp_ln603_fu_509_p2         |   icmp   |      0|   0|   13|          12|           5|
    |icmp_ln935_1_fu_3278_p2      |   icmp   |      0|   0|   18|          20|           1|
    |icmp_ln935_fu_3228_p2        |   icmp   |      0|   0|   18|          22|           1|
    |icmp_ln947_1_fu_3386_p2      |   icmp   |      0|   0|   18|          24|           1|
    |icmp_ln947_2_fu_3476_p2      |   icmp   |      0|   0|   18|          31|           1|
    |icmp_ln947_3_fu_3507_p2      |   icmp   |      0|   0|   18|          24|           1|
    |icmp_ln947_fu_3355_p2        |   icmp   |      0|   0|   18|          31|           1|
    |icmp_ln958_1_fu_3566_p2      |   icmp   |      0|   0|   18|          32|           1|
    |icmp_ln958_fu_3445_p2        |   icmp   |      0|   0|   18|          32|           1|
    |lshr_ln947_1_fu_3496_p2      |   lshr   |      0|   0|   69|           2|          24|
    |lshr_ln947_fu_3375_p2        |   lshr   |      0|   0|   69|           2|          24|
    |lshr_ln958_1_fu_3643_p2      |   lshr   |      0|   0|  101|          32|          32|
    |lshr_ln958_fu_3580_p2        |   lshr   |      0|   0|  101|          32|          32|
    |or_ln581_fu_612_p2           |    or    |      0|   0|    2|           1|           1|
    |or_ln582_fu_563_p2           |    or    |      0|   0|    2|           1|           1|
    |or_ln949_2_fu_3431_p2        |    or    |      0|   0|    2|           1|           1|
    |or_ln949_fu_3552_p2          |    or    |      0|   0|    2|           1|           1|
    |C_d0                         |  select  |      0|   0|   32|           1|           1|
    |S_d0                         |  select  |      0|   0|   32|           1|           1|
    |m_10_fu_3660_p3              |  select  |      0|   0|   32|           1|          32|
    |m_1_fu_3597_p3               |  select  |      0|   0|   32|           1|          32|
    |man_V_2_fu_445_p3            |  select  |      0|   0|   54|           1|          54|
    |select_ln1333_10_fu_3013_p3  |  select  |      0|   0|    2|           1|           2|
    |select_ln1333_11_fu_3091_p3  |  select  |      0|   0|    2|           1|           2|
    |select_ln1333_12_fu_3147_p3  |  select  |      0|   0|    2|           1|           2|
    |select_ln1333_1_fu_2425_p3   |  select  |      0|   0|    2|           1|           2|
    |select_ln1333_2_fu_2477_p3   |  select  |      0|   0|    2|           1|           2|
    |select_ln1333_3_fu_2555_p3   |  select  |      0|   0|    2|           1|           2|
    |select_ln1333_4_fu_2611_p3   |  select  |      0|   0|    2|           1|           2|
    |select_ln1333_5_fu_2689_p3   |  select  |      0|   0|    2|           1|           2|
    |select_ln1333_6_fu_2745_p3   |  select  |      0|   0|    2|           1|           2|
    |select_ln1333_7_fu_2823_p3   |  select  |      0|   0|    2|           1|           2|
    |select_ln1333_8_fu_2879_p3   |  select  |      0|   0|    2|           1|           2|
    |select_ln1333_9_fu_2957_p3   |  select  |      0|   0|    2|           1|           2|
    |select_ln1333_fu_2347_p3     |  select  |      0|   0|    2|           1|           2|
    |select_ln1371_1_fu_2627_p3   |  select  |      0|   0|    2|           1|           2|
    |select_ln1371_2_fu_2696_p3   |  select  |      0|   0|    2|           1|           2|
    |select_ln1371_3_fu_2761_p3   |  select  |      0|   0|    2|           1|           2|
    |select_ln1371_4_fu_2830_p3   |  select  |      0|   0|    2|           1|           2|
    |select_ln1371_5_fu_2895_p3   |  select  |      0|   0|    2|           1|           2|
    |select_ln1371_6_fu_2964_p3   |  select  |      0|   0|    2|           1|           2|
    |select_ln1371_7_fu_3029_p3   |  select  |      0|   0|    2|           1|           2|
    |select_ln1371_8_fu_3098_p3   |  select  |      0|   0|    2|           1|           2|
    |select_ln1371_9_fu_3163_p3   |  select  |      0|   0|    2|           1|           2|
    |select_ln1371_fu_2562_p3     |  select  |      0|   0|    2|           1|           2|
    |select_ln1496_10_fu_1238_p3  |  select  |      0|   0|   19|           1|          19|
    |select_ln1496_11_fu_783_p3   |  select  |      0|   0|   13|           1|          13|
    |select_ln1496_12_fu_1299_p3  |  select  |      0|   0|   22|           1|          22|
    |select_ln1496_13_fu_1306_p3  |  select  |      0|   0|   20|           1|          20|
    |select_ln1496_14_fu_817_p3   |  select  |      0|   0|   12|           1|          12|
    |select_ln1496_15_fu_1365_p3  |  select  |      0|   0|   22|           1|          22|
    |select_ln1496_16_fu_1372_p3  |  select  |      0|   0|   20|           1|          20|
    |select_ln1496_17_fu_851_p3   |  select  |      0|   0|   11|           1|          11|
    |select_ln1496_18_fu_1459_p3  |  select  |      0|   0|   22|           1|          22|
    |select_ln1496_19_fu_1466_p3  |  select  |      0|   0|   20|           1|          20|
    |select_ln1496_1_fu_992_p3    |  select  |      0|   0|   16|           1|          16|
    |select_ln1496_20_fu_885_p3   |  select  |      0|   0|   10|           1|          10|
    |select_ln1496_21_fu_1525_p3  |  select  |      0|   0|   22|           1|          22|
    |select_ln1496_22_fu_1532_p3  |  select  |      0|   0|   20|           1|          20|
    |select_ln1496_23_fu_919_p3   |  select  |      0|   0|    9|           1|           9|
    |select_ln1496_24_fu_1625_p3  |  select  |      0|   0|   22|           1|          22|
    |select_ln1496_25_fu_1630_p3  |  select  |      0|   0|   20|           1|          20|
    |select_ln1496_26_fu_1199_p3  |  select  |      0|   0|    8|           1|           8|
    |select_ln1496_27_fu_1687_p3  |  select  |      0|   0|   22|           1|          22|
    |select_ln1496_28_fu_1694_p3  |  select  |      0|   0|   20|           1|          20|
    |select_ln1496_29_fu_1399_p3  |  select  |      0|   0|    7|           1|           7|
    |select_ln1496_2_fu_679_p3    |  select  |      0|   0|   16|           1|          16|
    |select_ln1496_30_fu_1753_p3  |  select  |      0|   0|   22|           1|          22|
    |select_ln1496_31_fu_1760_p3  |  select  |      0|   0|   20|           1|          20|
    |select_ln1496_32_fu_1591_p3  |  select  |      0|   0|    6|           1|           6|
    |select_ln1496_33_fu_1847_p3  |  select  |      0|   0|   22|           1|          22|
    |select_ln1496_34_fu_1854_p3  |  select  |      0|   0|   20|           1|          20|
    |select_ln1496_35_fu_1787_p3  |  select  |      0|   0|    5|           1|           5|
    |select_ln1496_36_fu_1913_p3  |  select  |      0|   0|   22|           1|          22|
    |select_ln1496_37_fu_1920_p3  |  select  |      0|   0|   20|           1|          20|
    |select_ln1496_38_fu_1927_p3  |  select  |      0|   0|    4|           1|           4|
    |select_ln1496_39_fu_2007_p3  |  select  |      0|   0|   22|           1|          22|
    |select_ln1496_3_fu_1055_p3   |  select  |      0|   0|   18|           1|          18|
    |select_ln1496_40_fu_2014_p3  |  select  |      0|   0|   20|           1|          20|
    |select_ln1496_41_fu_2021_p3  |  select  |      0|   0|    3|           1|           3|
    |select_ln1496_42_fu_2099_p3  |  select  |      0|   0|   22|           1|          22|
    |select_ln1496_43_fu_2107_p3  |  select  |      0|   0|   20|           1|          20|
    |select_ln1496_44_fu_2143_p3  |  select  |      0|   0|    2|           1|           2|
    |select_ln1496_45_fu_2195_p3  |  select  |      0|   0|   22|           1|          22|
    |select_ln1496_46_fu_2203_p3  |  select  |      0|   0|   20|           1|          20|
    |select_ln1496_47_fu_2281_p3  |  select  |      0|   0|   22|           1|          22|
    |select_ln1496_48_fu_2263_p3  |  select  |      0|   0|   20|           1|          20|
    |select_ln1496_49_fu_2325_p3  |  select  |      0|   0|   22|           1|          22|
    |select_ln1496_4_fu_1066_p3   |  select  |      0|   0|   17|           1|          17|
    |select_ln1496_50_fu_2332_p3  |  select  |      0|   0|   20|           1|          20|
    |select_ln1496_51_fu_2393_p3  |  select  |      0|   0|   22|           1|          22|
    |select_ln1496_52_fu_2400_p3  |  select  |      0|   0|   20|           1|          20|
    |select_ln1496_53_fu_2455_p3  |  select  |      0|   0|   22|           1|          22|
    |select_ln1496_54_fu_2462_p3  |  select  |      0|   0|   20|           1|          20|
    |select_ln1496_55_fu_2525_p3  |  select  |      0|   0|   22|           1|          22|
    |select_ln1496_56_fu_2532_p3  |  select  |      0|   0|   20|           1|          20|
    |select_ln1496_57_fu_2589_p3  |  select  |      0|   0|   22|           1|          22|
    |select_ln1496_58_fu_2596_p3  |  select  |      0|   0|   20|           1|          20|
    |select_ln1496_59_fu_2659_p3  |  select  |      0|   0|   22|           1|          22|
    |select_ln1496_5_fu_715_p3    |  select  |      0|   0|   15|           1|          15|
    |select_ln1496_60_fu_2666_p3  |  select  |      0|   0|   20|           1|          20|
    |select_ln1496_61_fu_2723_p3  |  select  |      0|   0|   22|           1|          22|
    |select_ln1496_62_fu_2730_p3  |  select  |      0|   0|   20|           1|          20|
    |select_ln1496_63_fu_2793_p3  |  select  |      0|   0|   22|           1|          22|
    |select_ln1496_64_fu_2800_p3  |  select  |      0|   0|   20|           1|          20|
    |select_ln1496_65_fu_2857_p3  |  select  |      0|   0|   22|           1|          22|
    |select_ln1496_66_fu_2864_p3  |  select  |      0|   0|   20|           1|          20|
    |select_ln1496_67_fu_2927_p3  |  select  |      0|   0|   22|           1|          22|
    |select_ln1496_68_fu_2934_p3  |  select  |      0|   0|   20|           1|          20|
    |select_ln1496_69_fu_2991_p3  |  select  |      0|   0|   22|           1|          22|
    |select_ln1496_6_fu_1129_p3   |  select  |      0|   0|   22|           1|          22|
    |select_ln1496_70_fu_2998_p3  |  select  |      0|   0|   20|           1|          20|
    |select_ln1496_71_fu_3061_p3  |  select  |      0|   0|   22|           1|          22|
    |select_ln1496_72_fu_3068_p3  |  select  |      0|   0|   20|           1|          20|
    |select_ln1496_73_fu_3125_p3  |  select  |      0|   0|   22|           1|          22|
    |select_ln1496_74_fu_3132_p3  |  select  |      0|   0|   20|           1|          20|
    |select_ln1496_75_fu_3195_p3  |  select  |      0|   0|   22|           1|          22|
    |select_ln1496_76_fu_3202_p3  |  select  |      0|   0|   20|           1|          20|
    |select_ln1496_7_fu_1136_p3   |  select  |      0|   0|   18|           1|          18|
    |select_ln1496_8_fu_749_p3    |  select  |      0|   0|   14|           1|          14|
    |select_ln1496_9_fu_1233_p3   |  select  |      0|   0|   22|           1|          22|
    |select_ln1496_fu_981_p3      |  select  |      0|   0|   17|           1|          17|
    |select_ln34_fu_651_p3        |  select  |      0|   0|   17|           1|          16|
    |select_ln582_fu_556_p3       |  select  |      0|   0|   24|           1|          24|
    |select_ln585_1_fu_604_p3     |  select  |      0|   0|   24|           1|          24|
    |select_ln585_fu_590_p3       |  select  |      0|   0|   24|           1|          24|
    |select_ln588_fu_538_p3       |  select  |      0|   0|    2|           1|           2|
    |select_ln703_1_fu_960_p3     |  select  |      0|   0|   16|           1|          16|
    |select_ln703_2_fu_967_p3     |  select  |      0|   0|   15|           1|          15|
    |select_ln703_3_fu_974_p3     |  select  |      0|   0|   17|           1|          17|
    |select_ln703_4_fu_2493_p3    |  select  |      0|   0|    2|           1|           2|
    |select_ln703_fu_953_p3       |  select  |      0|   0|   15|           1|          14|
    |select_ln964_1_fu_3690_p3    |  select  |      0|   0|    7|           1|           7|
    |select_ln964_fu_3627_p3      |  select  |      0|   0|    7|           1|           7|
    |sh_amt_fu_483_p3             |  select  |      0|   0|   12|           1|          12|
    |theta_V_fu_637_p3            |  select  |      0|   0|   24|           1|          24|
    |tmp_V_1_fu_3289_p3           |  select  |      0|   0|   23|           1|          23|
    |tmp_V_fu_3238_p3             |  select  |      0|   0|   22|           1|          22|
    |shl_ln604_fu_632_p2          |    shl   |      0|   0|   69|          24|          24|
    |shl_ln958_1_fu_3654_p2       |    shl   |      0|   0|  101|          32|          32|
    |shl_ln958_fu_3591_p2         |    shl   |      0|   0|  101|          32|          32|
    |ap_enable_pp0                |    xor   |      0|   0|    2|           1|           2|
    |xor_ln571_fu_546_p2          |    xor   |      0|   0|    2|           1|           2|
    |xor_ln581_fu_617_p2          |    xor   |      0|   0|    2|           1|           2|
    |xor_ln582_fu_567_p2          |    xor   |      0|   0|    2|           1|           2|
    |xor_ln585_fu_578_p2          |    xor   |      0|   0|    2|           1|           2|
    |xor_ln949_1_fu_3527_p2       |    xor   |      0|   0|    2|           1|           2|
    |xor_ln949_fu_3406_p2         |    xor   |      0|   0|    2|           1|           2|
    +-----------------------------+----------+-------+----+-----+------------+------------+
    |Total                        |          |      0|  80| 7362|        4002|        5989|
    +-----------------------------+----------+-------+----+-----+------------+------------+

    * Multiplexer: 
    +------------------------------+----+-----------+-----+-----------+
    |             Name             | LUT| Input Size| Bits| Total Bits|
    +------------------------------+----+-----------+-----+-----------+
    |ap_NS_fsm                     |  50|         11|    1|         11|
    |ap_enable_reg_pp0_iter3       |   9|          2|    1|          2|
    |ap_phi_mux_i_0_phi_fu_365_p4  |   9|          2|    7|         14|
    |i_0_reg_361                   |   9|          2|    7|         14|
    +------------------------------+----+-----------+-----+-----------+
    |Total                         |  77|         17|   16|         41|
    +------------------------------+----+-----------+-----+-----------+

    * Register: 
    +------------------------------+----+----+-----+-----------+
    |             Name             | FF | LUT| Bits| Const Bits|
    +------------------------------+----+----+-----+-----------+
    |Theta_load_reg_3806           |  32|   0|   32|          0|
    |add_ln1496_11_reg_3959        |  24|   0|   24|          0|
    |add_ln1496_13_reg_3975        |  24|   0|   24|          0|
    |add_ln1496_15_reg_3991        |  24|   0|   24|          0|
    |add_ln1496_17_reg_4027        |  24|   0|   24|          0|
    |add_ln1496_19_reg_4065        |  24|   0|   24|          0|
    |add_ln1496_1_reg_3879         |  24|   0|   24|          0|
    |add_ln1496_21_reg_4101        |  24|   0|   24|          0|
    |add_ln1496_23_reg_4139        |  24|   0|   24|          0|
    |add_ln1496_25_reg_4167        |  24|   0|   24|          0|
    |add_ln1496_27_reg_4193        |  24|   0|   24|          0|
    |add_ln1496_3_reg_3895         |  24|   0|   24|          0|
    |add_ln1496_5_reg_3911         |  24|   0|   24|          0|
    |add_ln1496_7_reg_3927         |  24|   0|   24|          0|
    |add_ln1496_9_reg_3943         |  24|   0|   24|          0|
    |add_ln703_14_reg_4086         |  22|   0|   22|          0|
    |add_ln703_15_reg_4091         |  20|   0|   20|          0|
    |add_ln703_30_reg_4258         |  22|   0|   22|          0|
    |add_ln703_4_reg_4012          |  22|   0|   22|          0|
    |add_ln703_5_reg_4017          |  19|   0|   19|          0|
    |and_ln603_reg_3854            |   1|   0|    1|          0|
    |ap_CS_fsm                     |  10|   0|   10|          0|
    |ap_enable_reg_pp0_iter0       |   1|   0|    1|          0|
    |ap_enable_reg_pp0_iter1       |   1|   0|    1|          0|
    |ap_enable_reg_pp0_iter2       |   1|   0|    1|          0|
    |ap_enable_reg_pp0_iter3       |   1|   0|    1|          0|
    |i_0_reg_361                   |   7|   0|    7|          0|
    |i_reg_3790                    |   7|   0|    7|          0|
    |icmp_ln15_reg_3786            |   1|   0|    1|          0|
    |icmp_ln571_reg_3817           |   1|   0|    1|          0|
    |icmp_ln581_reg_3823           |   1|   0|    1|          0|
    |icmp_ln582_reg_3837           |   1|   0|    1|          0|
    |icmp_ln935_1_reg_4462         |   1|   0|    1|          0|
    |icmp_ln935_reg_4436           |   1|   0|    1|          0|
    |icmp_ln958_1_reg_4515         |   1|   0|    1|          0|
    |icmp_ln958_reg_4499           |   1|   0|    1|          0|
    |l_1_reg_4478                  |  32|   0|   32|          0|
    |l_reg_4452                    |  32|   0|   32|          0|
    |m_3_reg_4530                  |  31|   0|   31|          0|
    |m_s_reg_4520                  |  31|   0|   31|          0|
    |man_V_2_reg_3812              |  54|   0|   54|          0|
    |or_ln949_1_reg_4510           |   1|   0|   32|         31|
    |or_ln_reg_4494                |   1|   0|   32|         31|
    |p_Result_16_reg_4424          |   1|   0|    1|          0|
    |p_Result_19_reg_4430          |   1|   0|    1|          0|
    |select_ln1496_15_reg_4043     |  22|   0|   22|          0|
    |select_ln1496_16_reg_4049     |  20|   0|   20|          0|
    |select_ln1496_30_reg_4117     |  22|   0|   22|          0|
    |select_ln1496_31_reg_4123     |  20|   0|   20|          0|
    |select_ln1496_36_reg_4155     |  22|   0|   22|          0|
    |select_ln1496_37_reg_4161     |  20|   0|   20|          0|
    |select_ln1496_42_reg_4198     |  22|   0|   22|          0|
    |select_ln1496_43_reg_4204     |  20|   0|   20|          0|
    |select_ln1496_48_reg_4268     |  20|   0|   20|          0|
    |select_ln1496_51_reg_4279     |  22|   0|   22|          0|
    |select_ln1496_52_reg_4285     |  20|   0|   20|          0|
    |select_ln1496_55_reg_4301     |  22|   0|   22|          0|
    |select_ln1496_56_reg_4307     |  20|   0|   20|          0|
    |select_ln1496_59_reg_4323     |  22|   0|   22|          0|
    |select_ln1496_60_reg_4329     |  20|   0|   20|          0|
    |select_ln1496_63_reg_4345     |  22|   0|   22|          0|
    |select_ln1496_64_reg_4351     |  20|   0|   20|          0|
    |select_ln1496_67_reg_4367     |  22|   0|   22|          0|
    |select_ln1496_68_reg_4373     |  20|   0|   20|          0|
    |select_ln1496_71_reg_4389     |  22|   0|   22|          0|
    |select_ln1496_72_reg_4395     |  20|   0|   20|          0|
    |select_ln1496_75_reg_4411     |  22|   0|   22|          0|
    |select_ln1496_76_reg_4418     |  20|   0|   20|          0|
    |select_ln585_1_reg_3849       |  24|   0|   24|          0|
    |select_ln964_1_reg_4535       |   1|   0|    8|          7|
    |select_ln964_reg_4525         |   1|   0|    8|          7|
    |sh_amt_reg_3829               |  12|   0|   12|          0|
    |sub_ln703_14_reg_4081         |  20|   0|   20|          0|
    |sub_ln703_15_reg_4096         |  22|   0|   22|          0|
    |sub_ln703_31_reg_4263         |  22|   0|   22|          0|
    |sub_ln703_4_reg_4007          |  19|   0|   19|          0|
    |sub_ln703_5_reg_4022          |  22|   0|   22|          0|
    |sub_ln944_1_reg_4504          |  32|   0|   32|          0|
    |sub_ln944_reg_4488            |  32|   0|   32|          0|
    |theta_V_reg_3859              |  24|   0|   24|          0|
    |tmp_10_reg_3884               |   1|   0|    1|          0|
    |tmp_11_reg_3890               |   1|   0|    1|          0|
    |tmp_14_reg_3900               |   1|   0|    1|          0|
    |tmp_15_reg_3906               |   1|   0|    1|          0|
    |tmp_18_reg_3916               |   1|   0|    1|          0|
    |tmp_19_reg_3922               |   1|   0|    1|          0|
    |tmp_22_reg_3932               |   1|   0|    1|          0|
    |tmp_23_reg_3938               |   1|   0|    1|          0|
    |tmp_26_reg_3948               |   1|   0|    1|          0|
    |tmp_27_reg_3954               |   1|   0|    1|          0|
    |tmp_28_reg_4055               |  13|   0|   13|          0|
    |tmp_29_reg_4060               |  15|   0|   15|          0|
    |tmp_30_reg_3964               |   1|   0|    1|          0|
    |tmp_31_reg_3970               |   1|   0|    1|          0|
    |tmp_34_reg_3980               |   1|   0|    1|          0|
    |tmp_35_reg_3986               |   1|   0|    1|          0|
    |tmp_38_reg_3996               |   1|   0|    1|          0|
    |tmp_39_reg_4002               |   1|   0|    1|          0|
    |tmp_42_reg_4032               |   1|   0|    1|          0|
    |tmp_43_reg_4038               |   1|   0|    1|          0|
    |tmp_46_reg_4070               |   1|   0|    1|          0|
    |tmp_47_reg_4076               |   1|   0|    1|          0|
    |tmp_48_reg_4129               |   8|   0|    8|          0|
    |tmp_49_reg_4134               |  10|   0|   10|          0|
    |tmp_50_reg_4106               |   1|   0|    1|          0|
    |tmp_51_reg_4112               |   1|   0|    1|          0|
    |tmp_54_reg_4144               |   1|   0|    1|          0|
    |tmp_55_reg_4150               |   1|   0|    1|          0|
    |tmp_56_reg_4172               |   6|   0|    6|          0|
    |tmp_57_reg_4177               |   8|   0|    8|          0|
    |tmp_58_reg_4182               |   1|   0|    1|          0|
    |tmp_59_reg_4188               |   1|   0|    1|          0|
    |tmp_63_reg_4210               |   1|   0|    1|          0|
    |tmp_64_reg_4215               |   4|   0|    4|          0|
    |tmp_65_reg_4220               |   6|   0|    6|          0|
    |tmp_66_reg_4225               |   1|   0|    1|          0|
    |tmp_69_reg_4274               |   2|   0|    2|          0|
    |tmp_6_reg_3864                |   1|   0|    1|          0|
    |tmp_6_reg_3864_pp0_iter1_reg  |   1|   0|    1|          0|
    |tmp_73_reg_4291               |   1|   0|    1|          0|
    |tmp_74_reg_4296               |   2|   0|    2|          0|
    |tmp_77_reg_4313               |   1|   0|    1|          0|
    |tmp_78_reg_4318               |   1|   0|    1|          0|
    |tmp_7_reg_3873                |   1|   0|    1|          0|
    |tmp_81_reg_4335               |   1|   0|    1|          0|
    |tmp_82_reg_4340               |   1|   0|    1|          0|
    |tmp_85_reg_4357               |   1|   0|    1|          0|
    |tmp_86_reg_4362               |   1|   0|    1|          0|
    |tmp_89_reg_4379               |   1|   0|    1|          0|
    |tmp_90_reg_4384               |   1|   0|    1|          0|
    |tmp_93_reg_4401               |   1|   0|    1|          0|
    |tmp_94_reg_4406               |   1|   0|    1|          0|
    |tmp_V_1_reg_4467              |  23|   0|   23|          0|
    |tmp_V_reg_4441                |  22|   0|   22|          0|
    |trunc_ln583_reg_3843          |  24|   0|   24|          0|
    |trunc_ln943_1_reg_4483        |   8|   0|    8|          0|
    |trunc_ln943_reg_4457          |   8|   0|    8|          0|
    |zext_ln17_reg_3795            |   7|   0|   64|         57|
    |zext_ln938_1_reg_4472         |  23|   0|   24|          1|
    |zext_ln938_reg_4446           |  22|   0|   24|          2|
    |icmp_ln15_reg_3786            |  64|  32|    1|          0|
    |zext_ln17_reg_3795            |  64|  32|   64|         57|
    +------------------------------+----+----+-----+-----------+
    |Total                         |1788|  64| 1861|        193|
    +------------------------------+----+----+-----+-----------+



================================================================
== Interface
================================================================
* Summary: 
+----------------+-----+-----+------------+--------------+--------------+
|    RTL Ports   | Dir | Bits|  Protocol  | Source Object|    C Type    |
+----------------+-----+-----+------------+--------------+--------------+
|ap_clk          |  in |    1| ap_ctrl_hs |    cordic    | return value |
|ap_rst          |  in |    1| ap_ctrl_hs |    cordic    | return value |
|ap_start        |  in |    1| ap_ctrl_hs |    cordic    | return value |
|ap_done         | out |    1| ap_ctrl_hs |    cordic    | return value |
|ap_idle         | out |    1| ap_ctrl_hs |    cordic    | return value |
|ap_ready        | out |    1| ap_ctrl_hs |    cordic    | return value |
|Theta_address0  | out |    7|  ap_memory |     Theta    |     array    |
|Theta_ce0       | out |    1|  ap_memory |     Theta    |     array    |
|Theta_q0        |  in |   32|  ap_memory |     Theta    |     array    |
|S_address0      | out |    7|  ap_memory |       S      |     array    |
|S_ce0           | out |    1|  ap_memory |       S      |     array    |
|S_we0           | out |    1|  ap_memory |       S      |     array    |
|S_d0            | out |   32|  ap_memory |       S      |     array    |
|C_address0      | out |    7|  ap_memory |       C      |     array    |
|C_ce0           | out |    1|  ap_memory |       C      |     array    |
|C_we0           | out |    1|  ap_memory |       C      |     array    |
|C_d0            | out |   32|  ap_memory |       C      |     array    |
+----------------+-----+-----+------------+--------------+--------------+

