

================================================================
== Vivado HLS Report for 'fir_filter'
================================================================
* Date:           Fri Dec 25 02:02:54 2020

* Version:        2019.2 (Build 2704478 on Wed Nov 06 22:10:23 MST 2019)
* Project:        hls_fir1ch_prj
* Solution:       solution2_unroll16_full_pipelined
* Product family: zynq
* Target device:  xc7z020-clg484-1


================================================================
== Performance Estimates
================================================================
+ Timing: 
    * Summary: 
    +--------+----------+----------+------------+
    |  Clock |  Target  | Estimated| Uncertainty|
    +--------+----------+----------+------------+
    |ap_clk  | 10.00 ns | 8.716 ns |   1.25 ns  |
    +--------+----------+----------+------------+

+ Latency: 
    * Summary: 
    +---------+---------+-----------+-----------+-----+-----+----------+
    |  Latency (cycles) |   Latency (absolute)  |  Interval | Pipeline |
    |   min   |   max   |    min    |    max    | min | max |   Type   |
    +---------+---------+-----------+-----------+-----+-----+----------+
    |        2|        2| 20.000 ns | 20.000 ns |    1|    1| function |
    +---------+---------+-----------+-----------+-----+-----+----------+

    + Detail: 
        * Instance: 
        N/A

        * Loop: 
        N/A



================================================================
== Utilization Estimates
================================================================
* Summary: 
+-----------------+---------+-------+--------+-------+-----+
|       Name      | BRAM_18K| DSP48E|   FF   |  LUT  | URAM|
+-----------------+---------+-------+--------+-------+-----+
|DSP              |        -|     16|       -|      -|    -|
|Expression       |        -|      -|       0|    735|    -|
|FIFO             |        -|      -|       -|      -|    -|
|Instance         |        -|      -|       -|      -|    -|
|Memory           |        -|      -|       -|      -|    -|
|Multiplexer      |        -|      -|       -|      -|    -|
|Register         |        -|      -|     927|      -|    -|
+-----------------+---------+-------+--------+-------+-----+
|Total            |        0|     16|     927|    735|    0|
+-----------------+---------+-------+--------+-------+-----+
|Available        |      280|    220|  106400|  53200|    0|
+-----------------+---------+-------+--------+-------+-----+
|Utilization (%)  |        0|      7|   ~0   |      1|    0|
+-----------------+---------+-------+--------+-------+-----+

+ Detail: 
    * Instance: 
    N/A

    * DSP48E: 
    +--------------------------+----------------------+-----------+
    |         Instance         |        Module        | Expression|
    +--------------------------+----------------------+-----------+
    |fir_filter_mul_mubkb_U1   |fir_filter_mul_mubkb  |  i0 * i1  |
    |fir_filter_mul_mubkb_U2   |fir_filter_mul_mubkb  |  i0 * i1  |
    |fir_filter_mul_mubkb_U3   |fir_filter_mul_mubkb  |  i0 * i1  |
    |fir_filter_mul_mubkb_U4   |fir_filter_mul_mubkb  |  i0 * i1  |
    |fir_filter_mul_mubkb_U5   |fir_filter_mul_mubkb  |  i0 * i1  |
    |fir_filter_mul_mubkb_U6   |fir_filter_mul_mubkb  |  i0 * i1  |
    |fir_filter_mul_mubkb_U7   |fir_filter_mul_mubkb  |  i0 * i1  |
    |fir_filter_mul_mubkb_U8   |fir_filter_mul_mubkb  |  i0 * i1  |
    |fir_filter_mul_mubkb_U9   |fir_filter_mul_mubkb  |  i0 * i1  |
    |fir_filter_mul_mubkb_U10  |fir_filter_mul_mubkb  |  i0 * i1  |
    |fir_filter_mul_mubkb_U11  |fir_filter_mul_mubkb  |  i0 * i1  |
    |fir_filter_mul_mubkb_U12  |fir_filter_mul_mubkb  |  i0 * i1  |
    |fir_filter_mul_mubkb_U13  |fir_filter_mul_mubkb  |  i0 * i1  |
    |fir_filter_mul_mubkb_U14  |fir_filter_mul_mubkb  |  i0 * i1  |
    |fir_filter_mul_mubkb_U15  |fir_filter_mul_mubkb  |  i0 * i1  |
    |fir_filter_mul_mubkb_U16  |fir_filter_mul_mubkb  |  i0 * i1  |
    +--------------------------+----------------------+-----------+

    * Memory: 
    N/A

    * FIFO: 
    N/A

    * Expression: 
    +---------------------------+----------+-------+---+----+------------+------------+
    |       Variable Name       | Operation| DSP48E| FF| LUT| Bitwidth P0| Bitwidth P1|
    +---------------------------+----------+-------+---+----+------------+------------+
    |add_ln703_10_fu_740_p2     |     +    |      0|  0|  48|          41|          41|
    |add_ln703_11_fu_750_p2     |     +    |      0|  0|  48|          41|          41|
    |add_ln703_12_fu_760_p2     |     +    |      0|  0|  49|          42|          42|
    |add_ln703_13_fu_770_p2     |     +    |      0|  0|  50|          43|          43|
    |add_ln703_14_fu_782_p2     |     +    |      0|  0|  51|          44|          44|
    |add_ln703_1_fu_654_p2      |     +    |      0|  0|  48|          41|          41|
    |add_ln703_2_fu_664_p2      |     +    |      0|  0|  49|          42|          42|
    |add_ln703_3_fu_674_p2      |     +    |      0|  0|  48|          41|          41|
    |add_ln703_4_fu_684_p2      |     +    |      0|  0|  48|          41|          41|
    |add_ln703_5_fu_694_p2      |     +    |      0|  0|  49|          42|          42|
    |add_ln703_6_fu_704_p2      |     +    |      0|  0|  50|          43|          43|
    |add_ln703_7_fu_710_p2      |     +    |      0|  0|  48|          41|          41|
    |add_ln703_8_fu_720_p2      |     +    |      0|  0|  48|          41|          41|
    |add_ln703_9_fu_730_p2      |     +    |      0|  0|  49|          42|          42|
    |add_ln703_fu_644_p2        |     +    |      0|  0|  48|          41|          41|
    |ap_block_pp0_stage0_11001  |    and   |      0|  0|   2|           1|           1|
    |ap_enable_pp0              |    xor   |      0|  0|   2|           1|           2|
    +---------------------------+----------+-------+---+----+------------+------------+
    |Total                      |          |      0|  0| 735|         628|         629|
    +---------------------------+----------+-------+---+----+------------+------------+

    * Multiplexer: 
    N/A

    * Register: 
    +-------------------------+----+----+-----+-----------+
    |           Name          | FF | LUT| Bits| Const Bits|
    +-------------------------+----+----+-----+-----------+
    |add_ln703_13_reg_973     |  39|   0|   43|          4|
    |add_ln703_6_reg_968      |  39|   0|   43|          4|
    |ap_CS_fsm                |   1|   0|    1|          0|
    |ap_enable_reg_pp0_iter1  |   1|   0|    1|          0|
    |ap_enable_reg_pp0_iter2  |   1|   0|    1|          0|
    |mul_ln1118_10_reg_938    |  36|   0|   36|          0|
    |mul_ln1118_11_reg_943    |  36|   0|   36|          0|
    |mul_ln1118_12_reg_948    |  36|   0|   36|          0|
    |mul_ln1118_13_reg_953    |  36|   0|   36|          0|
    |mul_ln1118_14_reg_958    |  36|   0|   36|          0|
    |mul_ln1118_15_reg_963    |  36|   0|   36|          0|
    |mul_ln1118_1_reg_893     |  36|   0|   36|          0|
    |mul_ln1118_2_reg_898     |  36|   0|   36|          0|
    |mul_ln1118_3_reg_903     |  36|   0|   36|          0|
    |mul_ln1118_4_reg_908     |  36|   0|   36|          0|
    |mul_ln1118_5_reg_913     |  36|   0|   36|          0|
    |mul_ln1118_6_reg_918     |  36|   0|   36|          0|
    |mul_ln1118_7_reg_923     |  36|   0|   36|          0|
    |mul_ln1118_8_reg_928     |  36|   0|   36|          0|
    |mul_ln1118_9_reg_933     |  36|   0|   36|          0|
    |mul_ln1118_reg_888       |  36|   0|   36|          0|
    |shift_reg_V_0            |  18|   0|   18|          0|
    |shift_reg_V_1            |  18|   0|   18|          0|
    |shift_reg_V_10           |  18|   0|   18|          0|
    |shift_reg_V_11           |  18|   0|   18|          0|
    |shift_reg_V_12           |  18|   0|   18|          0|
    |shift_reg_V_13           |  18|   0|   18|          0|
    |shift_reg_V_14           |  18|   0|   18|          0|
    |shift_reg_V_2            |  18|   0|   18|          0|
    |shift_reg_V_3            |  18|   0|   18|          0|
    |shift_reg_V_4            |  18|   0|   18|          0|
    |shift_reg_V_5            |  18|   0|   18|          0|
    |shift_reg_V_6            |  18|   0|   18|          0|
    |shift_reg_V_7            |  18|   0|   18|          0|
    |shift_reg_V_8            |  18|   0|   18|          0|
    |shift_reg_V_9            |  18|   0|   18|          0|
    +-------------------------+----+----+-----+-----------+
    |Total                    | 927|   0|  935|          8|
    +-------------------------+----+----+-----+-----------+



================================================================
== Interface
================================================================
* Summary: 
+-----------+-----+-----+------------+--------------+--------------+
| RTL Ports | Dir | Bits|  Protocol  | Source Object|    C Type    |
+-----------+-----+-----+------------+--------------+--------------+
|ap_clk     |  in |    1| ap_ctrl_hs |  fir_filter  | return value |
|ap_rst     |  in |    1| ap_ctrl_hs |  fir_filter  | return value |
|ap_start   |  in |    1| ap_ctrl_hs |  fir_filter  | return value |
|ap_done    | out |    1| ap_ctrl_hs |  fir_filter  | return value |
|ap_idle    | out |    1| ap_ctrl_hs |  fir_filter  | return value |
|ap_ready   | out |    1| ap_ctrl_hs |  fir_filter  | return value |
|ap_return  | out |   48| ap_ctrl_hs |  fir_filter  | return value |
|x_V        |  in |   18|   ap_none  |      x_V     |    scalar    |
|c_0_V      |  in |   18|   ap_none  |     c_0_V    |    pointer   |
|c_1_V      |  in |   18|   ap_none  |     c_1_V    |    pointer   |
|c_2_V      |  in |   18|   ap_none  |     c_2_V    |    pointer   |
|c_3_V      |  in |   18|   ap_none  |     c_3_V    |    pointer   |
|c_4_V      |  in |   18|   ap_none  |     c_4_V    |    pointer   |
|c_5_V      |  in |   18|   ap_none  |     c_5_V    |    pointer   |
|c_6_V      |  in |   18|   ap_none  |     c_6_V    |    pointer   |
|c_7_V      |  in |   18|   ap_none  |     c_7_V    |    pointer   |
|c_8_V      |  in |   18|   ap_none  |     c_8_V    |    pointer   |
|c_9_V      |  in |   18|   ap_none  |     c_9_V    |    pointer   |
|c_10_V     |  in |   18|   ap_none  |    c_10_V    |    pointer   |
|c_11_V     |  in |   18|   ap_none  |    c_11_V    |    pointer   |
|c_12_V     |  in |   18|   ap_none  |    c_12_V    |    pointer   |
|c_13_V     |  in |   18|   ap_none  |    c_13_V    |    pointer   |
|c_14_V     |  in |   18|   ap_none  |    c_14_V    |    pointer   |
|c_15_V     |  in |   18|   ap_none  |    c_15_V    |    pointer   |
+-----------+-----+-----+------------+--------------+--------------+

