

================================================================
== Vivado HLS Report for 'hls_fp_accumulator'
================================================================
* Date:           Fri Dec 25 17:03:47 2020

* Version:        2019.1 (Build 2552052 on Fri May 24 15:28:33 MDT 2019)
* Project:        hls_fp_acc_prj
* Solution:       solution4
* Product family: zynq
* Target device:  xc7z020-clg484-1


================================================================
== Performance Estimates
================================================================
+ Timing (ns): 
    * Summary: 
    +--------+-------+----------+------------+
    |  Clock | Target| Estimated| Uncertainty|
    +--------+-------+----------+------------+
    |ap_clk  |  10.00|     9.747|        1.25|
    +--------+-------+----------+------------+

+ Latency (clock cycles): 
    * Summary: 
    +-----+-----+-----+-----+----------+
    |  Latency  |  Interval | Pipeline |
    | min | max | min | max |   Type   |
    +-----+-----+-----+-----+----------+
    |  336|  336|  128|  128| function |
    +-----+-----+-----+-----+----------+

    + Detail: 
        * Instance: 
        N/A

        * Loop: 
        N/A



================================================================
== Utilization Estimates
================================================================
* Summary: 
+-----------------+---------+-------+--------+-------+-----+
|       Name      | BRAM_18K| DSP48E|   FF   |  LUT  | URAM|
+-----------------+---------+-------+--------+-------+-----+
|DSP              |        -|      -|       -|      -|    -|
|Expression       |        -|      -|       0|   5294|    -|
|FIFO             |        -|      -|       -|      -|    -|
|Instance         |        2|      5|     972|   1459|    -|
|Memory           |        -|      -|       -|      -|    -|
|Multiplexer      |        -|      -|       -|   2114|    -|
|Register         |        -|      -|    9858|      -|    -|
+-----------------+---------+-------+--------+-------+-----+
|Total            |        2|      5|   10830|   8867|    0|
+-----------------+---------+-------+--------+-------+-----+
|Available        |      280|    220|  106400|  53200|    0|
+-----------------+---------+-------+--------+-------+-----+
|Utilization (%)  |    ~0   |      2|      10|     16|    0|
+-----------------+---------+-------+--------+-------+-----+

+ Detail: 
    * Instance: 
    +-------------------------------------+-----------------------------------+---------+-------+-----+-----+-----+
    |               Instance              |               Module              | BRAM_18K| DSP48E|  FF | LUT | URAM|
    +-------------------------------------+-----------------------------------+---------+-------+-----+-----+-----+
    |hls_fp_accumulatobkb_U1              |hls_fp_accumulatobkb               |        0|      2|  205|  390|    0|
    |hls_fp_accumulatocud_U2              |hls_fp_accumulatocud               |        0|      3|  143|  321|    0|
    |hls_fp_accumulator_AXILiteS_s_axi_U  |hls_fp_accumulator_AXILiteS_s_axi  |        0|      0|  112|  168|    0|
    |hls_fp_accumulator_gmem_m_axi_U      |hls_fp_accumulator_gmem_m_axi      |        2|      0|  512|  580|    0|
    +-------------------------------------+-----------------------------------+---------+-------+-----+-----+-----+
    |Total                                |                                   |        2|      5|  972| 1459|    0|
    +-------------------------------------+-----------------------------------+---------+-------+-----+-----+-----+

    * DSP48E: 
    N/A

    * Memory: 
    N/A

    * FIFO: 
    N/A

    * Expression: 
    +-----------------------------+----------+-------+---+-----+------------+------------+
    |        Variable Name        | Operation| DSP48E| FF| LUT | Bitwidth P0| Bitwidth P1|
    +-----------------------------+----------+-------+---+-----+------------+------------+
    |add_ln339_fu_4077_p2         |     +    |      0|  0|   15|           8|           9|
    |add_ln72_100_fu_3642_p2      |     +    |      0|  0|   38|           7|          31|
    |add_ln72_101_fu_3657_p2      |     +    |      0|  0|   38|           6|          31|
    |add_ln72_102_fu_3672_p2      |     +    |      0|  0|   38|           7|          31|
    |add_ln72_103_fu_3687_p2      |     +    |      0|  0|   38|           6|          31|
    |add_ln72_104_fu_3702_p2      |     +    |      0|  0|   38|           7|          31|
    |add_ln72_105_fu_3717_p2      |     +    |      0|  0|   38|           6|          31|
    |add_ln72_106_fu_3732_p2      |     +    |      0|  0|   38|           7|          31|
    |add_ln72_107_fu_3747_p2      |     +    |      0|  0|   38|           6|          31|
    |add_ln72_108_fu_3762_p2      |     +    |      0|  0|   38|           7|          31|
    |add_ln72_109_fu_3777_p2      |     +    |      0|  0|   38|           6|          31|
    |add_ln72_10_fu_2292_p2       |     +    |      0|  0|   38|           7|          31|
    |add_ln72_110_fu_3792_p2      |     +    |      0|  0|   38|           7|          31|
    |add_ln72_111_fu_3807_p2      |     +    |      0|  0|   38|           6|          31|
    |add_ln72_112_fu_3822_p2      |     +    |      0|  0|   38|           7|          31|
    |add_ln72_113_fu_3837_p2      |     +    |      0|  0|   38|           6|          31|
    |add_ln72_114_fu_3852_p2      |     +    |      0|  0|   38|           7|          31|
    |add_ln72_115_fu_3867_p2      |     +    |      0|  0|   38|           6|          31|
    |add_ln72_116_fu_3882_p2      |     +    |      0|  0|   38|           7|          31|
    |add_ln72_117_fu_3897_p2      |     +    |      0|  0|   38|           6|          31|
    |add_ln72_118_fu_3912_p2      |     +    |      0|  0|   38|           7|          31|
    |add_ln72_119_fu_3927_p2      |     +    |      0|  0|   38|           6|          31|
    |add_ln72_11_fu_2307_p2       |     +    |      0|  0|   38|           3|          31|
    |add_ln72_120_fu_3942_p2      |     +    |      0|  0|   38|           7|          31|
    |add_ln72_121_fu_3957_p2      |     +    |      0|  0|   38|           6|          31|
    |add_ln72_122_fu_3972_p2      |     +    |      0|  0|   38|           7|          31|
    |add_ln72_123_fu_3987_p2      |     +    |      0|  0|   38|           6|          31|
    |add_ln72_124_fu_4002_p2      |     +    |      0|  0|   38|           7|          31|
    |add_ln72_125_fu_4017_p2      |     +    |      0|  0|   38|           6|          31|
    |add_ln72_126_fu_4032_p2      |     +    |      0|  0|   38|           7|          31|
    |add_ln72_12_fu_2322_p2       |     +    |      0|  0|   38|           7|          31|
    |add_ln72_13_fu_2337_p2       |     +    |      0|  0|   38|           3|          31|
    |add_ln72_14_fu_2352_p2       |     +    |      0|  0|   38|           7|          31|
    |add_ln72_15_fu_2367_p2       |     +    |      0|  0|   38|           4|          31|
    |add_ln72_16_fu_2382_p2       |     +    |      0|  0|   38|           7|          31|
    |add_ln72_17_fu_2397_p2       |     +    |      0|  0|   38|           4|          31|
    |add_ln72_18_fu_2412_p2       |     +    |      0|  0|   38|           7|          31|
    |add_ln72_19_fu_2427_p2       |     +    |      0|  0|   38|           4|          31|
    |add_ln72_1_fu_2157_p2        |     +    |      0|  0|   38|           1|          31|
    |add_ln72_20_fu_2442_p2       |     +    |      0|  0|   38|           7|          31|
    |add_ln72_21_fu_2457_p2       |     +    |      0|  0|   38|           4|          31|
    |add_ln72_22_fu_2472_p2       |     +    |      0|  0|   38|           7|          31|
    |add_ln72_23_fu_2487_p2       |     +    |      0|  0|   38|           4|          31|
    |add_ln72_24_fu_2502_p2       |     +    |      0|  0|   38|           7|          31|
    |add_ln72_25_fu_2517_p2       |     +    |      0|  0|   38|           4|          31|
    |add_ln72_26_fu_2532_p2       |     +    |      0|  0|   38|           7|          31|
    |add_ln72_27_fu_2547_p2       |     +    |      0|  0|   38|           4|          31|
    |add_ln72_28_fu_2562_p2       |     +    |      0|  0|   38|           7|          31|
    |add_ln72_29_fu_2577_p2       |     +    |      0|  0|   38|           4|          31|
    |add_ln72_2_fu_2172_p2        |     +    |      0|  0|   38|           7|          31|
    |add_ln72_30_fu_2592_p2       |     +    |      0|  0|   38|           7|          31|
    |add_ln72_31_fu_2607_p2       |     +    |      0|  0|   38|           5|          31|
    |add_ln72_32_fu_2622_p2       |     +    |      0|  0|   38|           7|          31|
    |add_ln72_33_fu_2637_p2       |     +    |      0|  0|   38|           5|          31|
    |add_ln72_34_fu_2652_p2       |     +    |      0|  0|   38|           7|          31|
    |add_ln72_35_fu_2667_p2       |     +    |      0|  0|   38|           5|          31|
    |add_ln72_36_fu_2682_p2       |     +    |      0|  0|   38|           7|          31|
    |add_ln72_37_fu_2697_p2       |     +    |      0|  0|   38|           5|          31|
    |add_ln72_38_fu_2712_p2       |     +    |      0|  0|   38|           7|          31|
    |add_ln72_39_fu_2727_p2       |     +    |      0|  0|   38|           5|          31|
    |add_ln72_3_fu_2187_p2        |     +    |      0|  0|   38|           2|          31|
    |add_ln72_40_fu_2742_p2       |     +    |      0|  0|   38|           7|          31|
    |add_ln72_41_fu_2757_p2       |     +    |      0|  0|   38|           5|          31|
    |add_ln72_42_fu_2772_p2       |     +    |      0|  0|   38|           7|          31|
    |add_ln72_43_fu_2787_p2       |     +    |      0|  0|   38|           5|          31|
    |add_ln72_44_fu_2802_p2       |     +    |      0|  0|   38|           7|          31|
    |add_ln72_45_fu_2817_p2       |     +    |      0|  0|   38|           5|          31|
    |add_ln72_46_fu_2832_p2       |     +    |      0|  0|   38|           7|          31|
    |add_ln72_47_fu_2847_p2       |     +    |      0|  0|   38|           5|          31|
    |add_ln72_48_fu_2862_p2       |     +    |      0|  0|   38|           7|          31|
    |add_ln72_49_fu_2877_p2       |     +    |      0|  0|   38|           5|          31|
    |add_ln72_4_fu_2202_p2        |     +    |      0|  0|   38|           7|          31|
    |add_ln72_50_fu_2892_p2       |     +    |      0|  0|   38|           7|          31|
    |add_ln72_51_fu_2907_p2       |     +    |      0|  0|   38|           5|          31|
    |add_ln72_52_fu_2922_p2       |     +    |      0|  0|   38|           7|          31|
    |add_ln72_53_fu_2937_p2       |     +    |      0|  0|   38|           5|          31|
    |add_ln72_54_fu_2952_p2       |     +    |      0|  0|   38|           7|          31|
    |add_ln72_55_fu_2967_p2       |     +    |      0|  0|   38|           5|          31|
    |add_ln72_56_fu_2982_p2       |     +    |      0|  0|   38|           7|          31|
    |add_ln72_57_fu_2997_p2       |     +    |      0|  0|   38|           5|          31|
    |add_ln72_58_fu_3012_p2       |     +    |      0|  0|   38|           7|          31|
    |add_ln72_59_fu_3027_p2       |     +    |      0|  0|   38|           5|          31|
    |add_ln72_5_fu_2217_p2        |     +    |      0|  0|   38|           2|          31|
    |add_ln72_60_fu_3042_p2       |     +    |      0|  0|   38|           7|          31|
    |add_ln72_61_fu_3057_p2       |     +    |      0|  0|   38|           5|          31|
    |add_ln72_62_fu_3072_p2       |     +    |      0|  0|   38|           7|          31|
    |add_ln72_63_fu_3087_p2       |     +    |      0|  0|   38|           6|          31|
    |add_ln72_64_fu_3102_p2       |     +    |      0|  0|   38|           7|          31|
    |add_ln72_65_fu_3117_p2       |     +    |      0|  0|   38|           6|          31|
    |add_ln72_66_fu_3132_p2       |     +    |      0|  0|   38|           7|          31|
    |add_ln72_67_fu_3147_p2       |     +    |      0|  0|   38|           6|          31|
    |add_ln72_68_fu_3162_p2       |     +    |      0|  0|   38|           7|          31|
    |add_ln72_69_fu_3177_p2       |     +    |      0|  0|   38|           6|          31|
    |add_ln72_6_fu_2232_p2        |     +    |      0|  0|   38|           7|          31|
    |add_ln72_70_fu_3192_p2       |     +    |      0|  0|   38|           7|          31|
    |add_ln72_71_fu_3207_p2       |     +    |      0|  0|   38|           6|          31|
    |add_ln72_72_fu_3222_p2       |     +    |      0|  0|   38|           7|          31|
    |add_ln72_73_fu_3237_p2       |     +    |      0|  0|   38|           6|          31|
    |add_ln72_74_fu_3252_p2       |     +    |      0|  0|   38|           7|          31|
    |add_ln72_75_fu_3267_p2       |     +    |      0|  0|   38|           6|          31|
    |add_ln72_76_fu_3282_p2       |     +    |      0|  0|   38|           7|          31|
    |add_ln72_77_fu_3297_p2       |     +    |      0|  0|   38|           6|          31|
    |add_ln72_78_fu_3312_p2       |     +    |      0|  0|   38|           7|          31|
    |add_ln72_79_fu_3327_p2       |     +    |      0|  0|   38|           6|          31|
    |add_ln72_7_fu_2247_p2        |     +    |      0|  0|   38|           3|          31|
    |add_ln72_80_fu_3342_p2       |     +    |      0|  0|   38|           7|          31|
    |add_ln72_81_fu_3357_p2       |     +    |      0|  0|   38|           6|          31|
    |add_ln72_82_fu_3372_p2       |     +    |      0|  0|   38|           7|          31|
    |add_ln72_83_fu_3387_p2       |     +    |      0|  0|   38|           6|          31|
    |add_ln72_84_fu_3402_p2       |     +    |      0|  0|   38|           7|          31|
    |add_ln72_85_fu_3417_p2       |     +    |      0|  0|   38|           6|          31|
    |add_ln72_86_fu_3432_p2       |     +    |      0|  0|   38|           7|          31|
    |add_ln72_87_fu_3447_p2       |     +    |      0|  0|   38|           6|          31|
    |add_ln72_88_fu_3462_p2       |     +    |      0|  0|   38|           7|          31|
    |add_ln72_89_fu_3477_p2       |     +    |      0|  0|   38|           6|          31|
    |add_ln72_8_fu_2262_p2        |     +    |      0|  0|   38|           7|          31|
    |add_ln72_90_fu_3492_p2       |     +    |      0|  0|   38|           7|          31|
    |add_ln72_91_fu_3507_p2       |     +    |      0|  0|   38|           6|          31|
    |add_ln72_92_fu_3522_p2       |     +    |      0|  0|   38|           7|          31|
    |add_ln72_93_fu_3537_p2       |     +    |      0|  0|   38|           6|          31|
    |add_ln72_94_fu_3552_p2       |     +    |      0|  0|   38|           7|          31|
    |add_ln72_95_fu_3567_p2       |     +    |      0|  0|   38|           6|          31|
    |add_ln72_96_fu_3582_p2       |     +    |      0|  0|   38|           7|          31|
    |add_ln72_97_fu_3597_p2       |     +    |      0|  0|   38|           6|          31|
    |add_ln72_98_fu_3612_p2       |     +    |      0|  0|   38|           7|          31|
    |add_ln72_99_fu_3627_p2       |     +    |      0|  0|   38|           6|          31|
    |add_ln72_9_fu_2277_p2        |     +    |      0|  0|   38|           3|          31|
    |add_ln72_fu_2141_p2          |     +    |      0|  0|   38|           7|          31|
    |result_V_1_fu_4173_p2        |     -    |      0|  0|   39|           1|          32|
    |sub_ln1311_fu_4091_p2        |     -    |      0|  0|   15|           7|           8|
    |ap_block_pp0_stage100_11001  |    and   |      0|  0|    2|           1|           1|
    |ap_block_pp0_stage80_01001   |    and   |      0|  0|    2|           1|           1|
    |r_V_fu_4132_p2               |   lshr   |      0|  0|   73|          25|          25|
    |ap_block_pp0_stage0_11001    |    or    |      0|  0|    2|           1|           1|
    |ap_block_pp0_stage1_11001    |    or    |      0|  0|    2|           1|           1|
    |Out_r                        |  select  |      0|  0|   32|           1|          32|
    |p_Val2_5_fu_4166_p3          |  select  |      0|  0|   32|           1|          32|
    |ush_fu_4101_p3               |  select  |      0|  0|    9|           1|           9|
    |r_V_1_fu_4138_p2             |    shl   |      0|  0|  243|          79|          79|
    |ap_enable_pp0                |    xor   |      0|  0|    2|           1|           2|
    +-----------------------------+----------+-------+---+-----+------------+------------+
    |Total                        |          |      0|  0| 5294|         897|        4169|
    +-----------------------------+----------+-------+---+-----+------------+------------+

    * Multiplexer: 
    +-------------------------+-----+-----------+-----+-----------+
    |           Name          | LUT | Input Size| Bits| Total Bits|
    +-------------------------+-----+-----------+-----+-----------+
    |ap_NS_fsm                |  581|        129|    1|        129|
    |ap_enable_reg_pp0_iter0  |    9|          2|    1|          2|
    |ap_enable_reg_pp0_iter2  |    9|          2|    1|          2|
    |gmem_ARADDR              |  581|        129|   32|       4128|
    |gmem_blk_n_AR            |    9|          2|    1|          2|
    |gmem_blk_n_R             |    9|          2|    1|          2|
    |grp_fu_1889_p0           |  503|        114|   32|       3648|
    |grp_fu_1889_p1           |  413|         95|   32|       3040|
    +-------------------------+-----+-----------+-----+-----------+
    |Total                    | 2114|        475|  101|      10953|
    +-------------------------+-----+-----------+-----+-----------+

    * Register: 
    +-----------------------------+-----+----+-----+-----------+
    |             Name            |  FF | LUT| Bits| Const Bits|
    +-----------------------------+-----+----+-----+-----------+
    |add_ln72_100_reg_5914        |   31|   0|   31|          0|
    |add_ln72_101_reg_5935        |   31|   0|   31|          0|
    |add_ln72_102_reg_5951        |   31|   0|   31|          0|
    |add_ln72_103_reg_5972        |   31|   0|   31|          0|
    |add_ln72_104_reg_5988        |   31|   0|   31|          0|
    |add_ln72_105_reg_6009        |   31|   0|   31|          0|
    |add_ln72_106_reg_6025        |   31|   0|   31|          0|
    |add_ln72_107_reg_6046        |   31|   0|   31|          0|
    |add_ln72_108_reg_6062        |   31|   0|   31|          0|
    |add_ln72_109_reg_6083        |   31|   0|   31|          0|
    |add_ln72_10_reg_4459         |   31|   0|   31|          0|
    |add_ln72_110_reg_6099        |   31|   0|   31|          0|
    |add_ln72_111_reg_6120        |   31|   0|   31|          0|
    |add_ln72_112_reg_6136        |   31|   0|   31|          0|
    |add_ln72_113_reg_6157        |   31|   0|   31|          0|
    |add_ln72_114_reg_6173        |   31|   0|   31|          0|
    |add_ln72_115_reg_6189        |   31|   0|   31|          0|
    |add_ln72_116_reg_6205        |   31|   0|   31|          0|
    |add_ln72_117_reg_6221        |   31|   0|   31|          0|
    |add_ln72_118_reg_6237        |   31|   0|   31|          0|
    |add_ln72_119_reg_6253        |   31|   0|   31|          0|
    |add_ln72_11_reg_4475         |   31|   0|   31|          0|
    |add_ln72_120_reg_6269        |   31|   0|   31|          0|
    |add_ln72_121_reg_6285        |   31|   0|   31|          0|
    |add_ln72_122_reg_6301        |   31|   0|   31|          0|
    |add_ln72_123_reg_6317        |   31|   0|   31|          0|
    |add_ln72_124_reg_6333        |   31|   0|   31|          0|
    |add_ln72_125_reg_6349        |   31|   0|   31|          0|
    |add_ln72_126_reg_6365        |   31|   0|   31|          0|
    |add_ln72_12_reg_4491         |   31|   0|   31|          0|
    |add_ln72_13_reg_4507         |   31|   0|   31|          0|
    |add_ln72_14_reg_4523         |   31|   0|   31|          0|
    |add_ln72_15_reg_4539         |   31|   0|   31|          0|
    |add_ln72_16_reg_4555         |   31|   0|   31|          0|
    |add_ln72_17_reg_4571         |   31|   0|   31|          0|
    |add_ln72_18_reg_4587         |   31|   0|   31|          0|
    |add_ln72_19_reg_4603         |   31|   0|   31|          0|
    |add_ln72_1_reg_4340          |   31|   0|   31|          0|
    |add_ln72_20_reg_4619         |   31|   0|   31|          0|
    |add_ln72_21_reg_4635         |   31|   0|   31|          0|
    |add_ln72_22_reg_4651         |   31|   0|   31|          0|
    |add_ln72_23_reg_4667         |   31|   0|   31|          0|
    |add_ln72_24_reg_4683         |   31|   0|   31|          0|
    |add_ln72_25_reg_4699         |   31|   0|   31|          0|
    |add_ln72_26_reg_4715         |   31|   0|   31|          0|
    |add_ln72_27_reg_4731         |   31|   0|   31|          0|
    |add_ln72_28_reg_4747         |   31|   0|   31|          0|
    |add_ln72_29_reg_4763         |   31|   0|   31|          0|
    |add_ln72_2_reg_4351          |   31|   0|   31|          0|
    |add_ln72_30_reg_4779         |   31|   0|   31|          0|
    |add_ln72_31_reg_4795         |   31|   0|   31|          0|
    |add_ln72_32_reg_4811         |   31|   0|   31|          0|
    |add_ln72_33_reg_4827         |   31|   0|   31|          0|
    |add_ln72_34_reg_4843         |   31|   0|   31|          0|
    |add_ln72_35_reg_4859         |   31|   0|   31|          0|
    |add_ln72_36_reg_4875         |   31|   0|   31|          0|
    |add_ln72_37_reg_4891         |   31|   0|   31|          0|
    |add_ln72_38_reg_4907         |   31|   0|   31|          0|
    |add_ln72_39_reg_4923         |   31|   0|   31|          0|
    |add_ln72_3_reg_4362          |   31|   0|   31|          0|
    |add_ln72_40_reg_4939         |   31|   0|   31|          0|
    |add_ln72_41_reg_4955         |   31|   0|   31|          0|
    |add_ln72_42_reg_4971         |   31|   0|   31|          0|
    |add_ln72_43_reg_4987         |   31|   0|   31|          0|
    |add_ln72_44_reg_5003         |   31|   0|   31|          0|
    |add_ln72_45_reg_5019         |   31|   0|   31|          0|
    |add_ln72_46_reg_5035         |   31|   0|   31|          0|
    |add_ln72_47_reg_5051         |   31|   0|   31|          0|
    |add_ln72_48_reg_5067         |   31|   0|   31|          0|
    |add_ln72_49_reg_5083         |   31|   0|   31|          0|
    |add_ln72_4_reg_4373          |   31|   0|   31|          0|
    |add_ln72_50_reg_5099         |   31|   0|   31|          0|
    |add_ln72_51_reg_5115         |   31|   0|   31|          0|
    |add_ln72_52_reg_5131         |   31|   0|   31|          0|
    |add_ln72_53_reg_5147         |   31|   0|   31|          0|
    |add_ln72_54_reg_5163         |   31|   0|   31|          0|
    |add_ln72_55_reg_5179         |   31|   0|   31|          0|
    |add_ln72_56_reg_5195         |   31|   0|   31|          0|
    |add_ln72_57_reg_5211         |   31|   0|   31|          0|
    |add_ln72_58_reg_5227         |   31|   0|   31|          0|
    |add_ln72_59_reg_5243         |   31|   0|   31|          0|
    |add_ln72_5_reg_4384          |   31|   0|   31|          0|
    |add_ln72_60_reg_5259         |   31|   0|   31|          0|
    |add_ln72_61_reg_5275         |   31|   0|   31|          0|
    |add_ln72_62_reg_5291         |   31|   0|   31|          0|
    |add_ln72_63_reg_5307         |   31|   0|   31|          0|
    |add_ln72_64_reg_5323         |   31|   0|   31|          0|
    |add_ln72_65_reg_5339         |   31|   0|   31|          0|
    |add_ln72_66_reg_5355         |   31|   0|   31|          0|
    |add_ln72_67_reg_5371         |   31|   0|   31|          0|
    |add_ln72_68_reg_5387         |   31|   0|   31|          0|
    |add_ln72_69_reg_5403         |   31|   0|   31|          0|
    |add_ln72_6_reg_4395          |   31|   0|   31|          0|
    |add_ln72_70_reg_5419         |   31|   0|   31|          0|
    |add_ln72_71_reg_5435         |   31|   0|   31|          0|
    |add_ln72_72_reg_5451         |   31|   0|   31|          0|
    |add_ln72_73_reg_5467         |   31|   0|   31|          0|
    |add_ln72_74_reg_5483         |   31|   0|   31|          0|
    |add_ln72_75_reg_5499         |   31|   0|   31|          0|
    |add_ln72_76_reg_5515         |   31|   0|   31|          0|
    |add_ln72_77_reg_5531         |   31|   0|   31|          0|
    |add_ln72_78_reg_5547         |   31|   0|   31|          0|
    |add_ln72_79_reg_5563         |   31|   0|   31|          0|
    |add_ln72_7_reg_4411          |   31|   0|   31|          0|
    |add_ln72_80_reg_5579         |   31|   0|   31|          0|
    |add_ln72_81_reg_5595         |   31|   0|   31|          0|
    |add_ln72_82_reg_5611         |   31|   0|   31|          0|
    |add_ln72_83_reg_5627         |   31|   0|   31|          0|
    |add_ln72_84_reg_5643         |   31|   0|   31|          0|
    |add_ln72_85_reg_5659         |   31|   0|   31|          0|
    |add_ln72_86_reg_5675         |   31|   0|   31|          0|
    |add_ln72_87_reg_5691         |   31|   0|   31|          0|
    |add_ln72_88_reg_5707         |   31|   0|   31|          0|
    |add_ln72_89_reg_5723         |   31|   0|   31|          0|
    |add_ln72_8_reg_4427          |   31|   0|   31|          0|
    |add_ln72_90_reg_5739         |   31|   0|   31|          0|
    |add_ln72_91_reg_5755         |   31|   0|   31|          0|
    |add_ln72_92_reg_5771         |   31|   0|   31|          0|
    |add_ln72_93_reg_5787         |   31|   0|   31|          0|
    |add_ln72_94_reg_5803         |   31|   0|   31|          0|
    |add_ln72_95_reg_5824         |   31|   0|   31|          0|
    |add_ln72_96_reg_5840         |   31|   0|   31|          0|
    |add_ln72_97_reg_5861         |   31|   0|   31|          0|
    |add_ln72_98_reg_5877         |   31|   0|   31|          0|
    |add_ln72_99_reg_5898         |   31|   0|   31|          0|
    |add_ln72_9_reg_4443          |   31|   0|   31|          0|
    |add_ln72_reg_4329            |   31|   0|   31|          0|
    |ap_CS_fsm                    |  128|   0|  128|          0|
    |ap_enable_reg_pp0_iter0_reg  |    1|   0|    1|          0|
    |ap_enable_reg_pp0_iter1      |    1|   0|    1|          0|
    |ap_enable_reg_pp0_iter2      |    1|   0|    1|          0|
    |gmem_addr_100_read_reg_6035  |   32|   0|   32|          0|
    |gmem_addr_101_read_reg_6051  |   32|   0|   32|          0|
    |gmem_addr_102_read_reg_6072  |   32|   0|   32|          0|
    |gmem_addr_103_read_reg_6088  |   32|   0|   32|          0|
    |gmem_addr_104_read_reg_6109  |   32|   0|   32|          0|
    |gmem_addr_105_read_reg_6125  |   32|   0|   32|          0|
    |gmem_addr_106_read_reg_6146  |   32|   0|   32|          0|
    |gmem_addr_107_read_reg_6162  |   32|   0|   32|          0|
    |gmem_addr_108_read_reg_6178  |   32|   0|   32|          0|
    |gmem_addr_109_read_reg_6194  |   32|   0|   32|          0|
    |gmem_addr_10_read_reg_4560   |   32|   0|   32|          0|
    |gmem_addr_110_read_reg_6210  |   32|   0|   32|          0|
    |gmem_addr_111_read_reg_6226  |   32|   0|   32|          0|
    |gmem_addr_112_read_reg_6242  |   32|   0|   32|          0|
    |gmem_addr_113_read_reg_6258  |   32|   0|   32|          0|
    |gmem_addr_114_read_reg_6274  |   32|   0|   32|          0|
    |gmem_addr_115_read_reg_6290  |   32|   0|   32|          0|
    |gmem_addr_116_read_reg_6306  |   32|   0|   32|          0|
    |gmem_addr_117_read_reg_6322  |   32|   0|   32|          0|
    |gmem_addr_118_read_reg_6338  |   32|   0|   32|          0|
    |gmem_addr_119_read_reg_6354  |   32|   0|   32|          0|
    |gmem_addr_11_read_reg_4576   |   32|   0|   32|          0|
    |gmem_addr_120_read_reg_6370  |   32|   0|   32|          0|
    |gmem_addr_121_read_reg_6381  |   32|   0|   32|          0|
    |gmem_addr_122_read_reg_6386  |   32|   0|   32|          0|
    |gmem_addr_123_read_reg_6391  |   32|   0|   32|          0|
    |gmem_addr_124_read_reg_6396  |   32|   0|   32|          0|
    |gmem_addr_125_read_reg_6401  |   32|   0|   32|          0|
    |gmem_addr_126_read_reg_6406  |   32|   0|   32|          0|
    |gmem_addr_127_read_reg_6411  |   32|   0|   32|          0|
    |gmem_addr_12_read_reg_4592   |   32|   0|   32|          0|
    |gmem_addr_13_read_reg_4608   |   32|   0|   32|          0|
    |gmem_addr_14_read_reg_4624   |   32|   0|   32|          0|
    |gmem_addr_15_read_reg_4640   |   32|   0|   32|          0|
    |gmem_addr_16_read_reg_4656   |   32|   0|   32|          0|
    |gmem_addr_17_read_reg_4672   |   32|   0|   32|          0|
    |gmem_addr_18_read_reg_4688   |   32|   0|   32|          0|
    |gmem_addr_19_read_reg_4704   |   32|   0|   32|          0|
    |gmem_addr_1_read_reg_4416    |   32|   0|   32|          0|
    |gmem_addr_20_read_reg_4720   |   32|   0|   32|          0|
    |gmem_addr_21_read_reg_4736   |   32|   0|   32|          0|
    |gmem_addr_22_read_reg_4752   |   32|   0|   32|          0|
    |gmem_addr_23_read_reg_4768   |   32|   0|   32|          0|
    |gmem_addr_24_read_reg_4784   |   32|   0|   32|          0|
    |gmem_addr_25_read_reg_4800   |   32|   0|   32|          0|
    |gmem_addr_26_read_reg_4816   |   32|   0|   32|          0|
    |gmem_addr_27_read_reg_4832   |   32|   0|   32|          0|
    |gmem_addr_28_read_reg_4848   |   32|   0|   32|          0|
    |gmem_addr_29_read_reg_4864   |   32|   0|   32|          0|
    |gmem_addr_2_read_reg_4432    |   32|   0|   32|          0|
    |gmem_addr_30_read_reg_4880   |   32|   0|   32|          0|
    |gmem_addr_31_read_reg_4896   |   32|   0|   32|          0|
    |gmem_addr_32_read_reg_4912   |   32|   0|   32|          0|
    |gmem_addr_33_read_reg_4928   |   32|   0|   32|          0|
    |gmem_addr_34_read_reg_4944   |   32|   0|   32|          0|
    |gmem_addr_35_read_reg_4960   |   32|   0|   32|          0|
    |gmem_addr_36_read_reg_4976   |   32|   0|   32|          0|
    |gmem_addr_37_read_reg_4992   |   32|   0|   32|          0|
    |gmem_addr_38_read_reg_5008   |   32|   0|   32|          0|
    |gmem_addr_39_read_reg_5024   |   32|   0|   32|          0|
    |gmem_addr_3_read_reg_4448    |   32|   0|   32|          0|
    |gmem_addr_40_read_reg_5040   |   32|   0|   32|          0|
    |gmem_addr_41_read_reg_5056   |   32|   0|   32|          0|
    |gmem_addr_42_read_reg_5072   |   32|   0|   32|          0|
    |gmem_addr_43_read_reg_5088   |   32|   0|   32|          0|
    |gmem_addr_44_read_reg_5104   |   32|   0|   32|          0|
    |gmem_addr_45_read_reg_5120   |   32|   0|   32|          0|
    |gmem_addr_46_read_reg_5136   |   32|   0|   32|          0|
    |gmem_addr_47_read_reg_5152   |   32|   0|   32|          0|
    |gmem_addr_48_read_reg_5168   |   32|   0|   32|          0|
    |gmem_addr_49_read_reg_5184   |   32|   0|   32|          0|
    |gmem_addr_4_read_reg_4464    |   32|   0|   32|          0|
    |gmem_addr_50_read_reg_5200   |   32|   0|   32|          0|
    |gmem_addr_51_read_reg_5216   |   32|   0|   32|          0|
    |gmem_addr_52_read_reg_5232   |   32|   0|   32|          0|
    |gmem_addr_53_read_reg_5248   |   32|   0|   32|          0|
    |gmem_addr_54_read_reg_5264   |   32|   0|   32|          0|
    |gmem_addr_55_read_reg_5280   |   32|   0|   32|          0|
    |gmem_addr_56_read_reg_5296   |   32|   0|   32|          0|
    |gmem_addr_57_read_reg_5312   |   32|   0|   32|          0|
    |gmem_addr_58_read_reg_5328   |   32|   0|   32|          0|
    |gmem_addr_59_read_reg_5344   |   32|   0|   32|          0|
    |gmem_addr_5_read_reg_4480    |   32|   0|   32|          0|
    |gmem_addr_60_read_reg_5360   |   32|   0|   32|          0|
    |gmem_addr_61_read_reg_5376   |   32|   0|   32|          0|
    |gmem_addr_62_read_reg_5392   |   32|   0|   32|          0|
    |gmem_addr_63_read_reg_5408   |   32|   0|   32|          0|
    |gmem_addr_64_read_reg_5424   |   32|   0|   32|          0|
    |gmem_addr_65_read_reg_5440   |   32|   0|   32|          0|
    |gmem_addr_66_read_reg_5456   |   32|   0|   32|          0|
    |gmem_addr_67_read_reg_5472   |   32|   0|   32|          0|
    |gmem_addr_68_read_reg_5488   |   32|   0|   32|          0|
    |gmem_addr_69_read_reg_5504   |   32|   0|   32|          0|
    |gmem_addr_6_read_reg_4496    |   32|   0|   32|          0|
    |gmem_addr_70_read_reg_5520   |   32|   0|   32|          0|
    |gmem_addr_71_read_reg_5536   |   32|   0|   32|          0|
    |gmem_addr_72_read_reg_5552   |   32|   0|   32|          0|
    |gmem_addr_73_read_reg_5568   |   32|   0|   32|          0|
    |gmem_addr_74_read_reg_5584   |   32|   0|   32|          0|
    |gmem_addr_75_read_reg_5600   |   32|   0|   32|          0|
    |gmem_addr_76_read_reg_5616   |   32|   0|   32|          0|
    |gmem_addr_77_read_reg_5632   |   32|   0|   32|          0|
    |gmem_addr_78_read_reg_5648   |   32|   0|   32|          0|
    |gmem_addr_79_read_reg_5664   |   32|   0|   32|          0|
    |gmem_addr_7_read_reg_4512    |   32|   0|   32|          0|
    |gmem_addr_80_read_reg_5680   |   32|   0|   32|          0|
    |gmem_addr_81_read_reg_5696   |   32|   0|   32|          0|
    |gmem_addr_82_read_reg_5712   |   32|   0|   32|          0|
    |gmem_addr_83_read_reg_5728   |   32|   0|   32|          0|
    |gmem_addr_84_read_reg_5744   |   32|   0|   32|          0|
    |gmem_addr_85_read_reg_5760   |   32|   0|   32|          0|
    |gmem_addr_86_read_reg_5776   |   32|   0|   32|          0|
    |gmem_addr_87_read_reg_5792   |   32|   0|   32|          0|
    |gmem_addr_88_read_reg_5813   |   32|   0|   32|          0|
    |gmem_addr_89_read_reg_5829   |   32|   0|   32|          0|
    |gmem_addr_8_read_reg_4528    |   32|   0|   32|          0|
    |gmem_addr_90_read_reg_5850   |   32|   0|   32|          0|
    |gmem_addr_91_read_reg_5866   |   32|   0|   32|          0|
    |gmem_addr_92_read_reg_5887   |   32|   0|   32|          0|
    |gmem_addr_93_read_reg_5903   |   32|   0|   32|          0|
    |gmem_addr_94_read_reg_5924   |   32|   0|   32|          0|
    |gmem_addr_95_read_reg_5940   |   32|   0|   32|          0|
    |gmem_addr_96_read_reg_5961   |   32|   0|   32|          0|
    |gmem_addr_97_read_reg_5977   |   32|   0|   32|          0|
    |gmem_addr_98_read_reg_5998   |   32|   0|   32|          0|
    |gmem_addr_99_read_reg_6014   |   32|   0|   32|          0|
    |gmem_addr_9_read_reg_4544    |   32|   0|   32|          0|
    |gmem_addr_read_reg_4400      |   32|   0|   32|          0|
    |isNeg_reg_6436               |    1|   0|    1|          0|
    |p_Result_s_reg_6426          |    1|   0|    1|          0|
    |p_cast_reg_4193              |   30|   0|   31|          1|
    |reg_1898                     |   32|   0|   32|          0|
    |reg_1904                     |   32|   0|   32|          0|
    |reg_1910                     |   32|   0|   32|          0|
    |reg_1916                     |   32|   0|   32|          0|
    |reg_1922                     |   32|   0|   32|          0|
    |reg_1928                     |   32|   0|   32|          0|
    |reg_1934                     |   32|   0|   32|          0|
    |reg_1940                     |   32|   0|   32|          0|
    |reg_1946                     |   32|   0|   32|          0|
    |reg_1952                     |   32|   0|   32|          0|
    |reg_1958                     |   32|   0|   32|          0|
    |reg_1964                     |   32|   0|   32|          0|
    |reg_1970                     |   32|   0|   32|          0|
    |reg_1976                     |   32|   0|   32|          0|
    |reg_1982                     |   32|   0|   32|          0|
    |reg_1988                     |   32|   0|   32|          0|
    |reg_1994                     |   32|   0|   32|          0|
    |reg_2000                     |   32|   0|   32|          0|
    |reg_2006                     |   32|   0|   32|          0|
    |reg_2012                     |   32|   0|   32|          0|
    |reg_2018                     |   32|   0|   32|          0|
    |reg_2024                     |   32|   0|   32|          0|
    |reg_2029                     |   32|   0|   32|          0|
    |reg_2034                     |   32|   0|   32|          0|
    |reg_2039                     |   32|   0|   32|          0|
    |reg_2044                     |   32|   0|   32|          0|
    |reg_2049                     |   32|   0|   32|          0|
    |reg_2054                     |   32|   0|   32|          0|
    |reg_2059                     |   32|   0|   32|          0|
    |reg_2064                     |   32|   0|   32|          0|
    |reg_2070                     |   32|   0|   32|          0|
    |reg_2076                     |   32|   0|   32|          0|
    |reg_2082                     |   32|   0|   32|          0|
    |reg_2088                     |   32|   0|   32|          0|
    |reg_2094                     |   32|   0|   32|          0|
    |reg_2100                     |   32|   0|   32|          0|
    |reg_2106                     |   32|   0|   32|          0|
    |reg_2112                     |   32|   0|   32|          0|
    |tmp_1_10_reg_5993            |   32|   0|   32|          0|
    |tmp_1_11_reg_6030            |   32|   0|   32|          0|
    |tmp_1_12_reg_6067            |   32|   0|   32|          0|
    |tmp_1_13_reg_6104            |   32|   0|   32|          0|
    |tmp_1_14_reg_6141            |   32|   0|   32|          0|
    |tmp_1_6_reg_5808             |   32|   0|   32|          0|
    |tmp_1_7_reg_5845             |   32|   0|   32|          0|
    |tmp_1_8_reg_5882             |   32|   0|   32|          0|
    |tmp_1_9_reg_5919             |   32|   0|   32|          0|
    |tmp_1_s_reg_5956             |   32|   0|   32|          0|
    |tmp_67_reg_6416              |   32|   0|   32|          0|
    |tmp_8_1_reg_6421             |   32|   0|   32|          0|
    |tmp_V_1_reg_6431             |   23|   0|   23|          0|
    |ush_reg_6441                 |    9|   0|    9|          0|
    |window_reg_4187              |   30|   0|   30|          0|
    +-----------------------------+-----+----+-----+-----------+
    |Total                        | 9858|   0| 9859|          1|
    +-----------------------------+-----+----+-----+-----------+



================================================================
== Interface
================================================================
* Summary: 
+------------------------+-----+-----+------------+--------------------+--------------+
|        RTL Ports       | Dir | Bits|  Protocol  |    Source Object   |    C Type    |
+------------------------+-----+-----+------------+--------------------+--------------+
|s_axi_AXILiteS_AWVALID  |  in |    1|    s_axi   |      AXILiteS      |    pointer   |
|s_axi_AXILiteS_AWREADY  | out |    1|    s_axi   |      AXILiteS      |    pointer   |
|s_axi_AXILiteS_AWADDR   |  in |    5|    s_axi   |      AXILiteS      |    pointer   |
|s_axi_AXILiteS_WVALID   |  in |    1|    s_axi   |      AXILiteS      |    pointer   |
|s_axi_AXILiteS_WREADY   | out |    1|    s_axi   |      AXILiteS      |    pointer   |
|s_axi_AXILiteS_WDATA    |  in |   32|    s_axi   |      AXILiteS      |    pointer   |
|s_axi_AXILiteS_WSTRB    |  in |    4|    s_axi   |      AXILiteS      |    pointer   |
|s_axi_AXILiteS_ARVALID  |  in |    1|    s_axi   |      AXILiteS      |    pointer   |
|s_axi_AXILiteS_ARREADY  | out |    1|    s_axi   |      AXILiteS      |    pointer   |
|s_axi_AXILiteS_ARADDR   |  in |    5|    s_axi   |      AXILiteS      |    pointer   |
|s_axi_AXILiteS_RVALID   | out |    1|    s_axi   |      AXILiteS      |    pointer   |
|s_axi_AXILiteS_RREADY   |  in |    1|    s_axi   |      AXILiteS      |    pointer   |
|s_axi_AXILiteS_RDATA    | out |   32|    s_axi   |      AXILiteS      |    pointer   |
|s_axi_AXILiteS_RRESP    | out |    2|    s_axi   |      AXILiteS      |    pointer   |
|s_axi_AXILiteS_BVALID   | out |    1|    s_axi   |      AXILiteS      |    pointer   |
|s_axi_AXILiteS_BREADY   |  in |    1|    s_axi   |      AXILiteS      |    pointer   |
|s_axi_AXILiteS_BRESP    | out |    2|    s_axi   |      AXILiteS      |    pointer   |
|ap_clk                  |  in |    1| ap_ctrl_hs | hls_fp_accumulator | return value |
|ap_rst_n                |  in |    1| ap_ctrl_hs | hls_fp_accumulator | return value |
|interrupt               | out |    1| ap_ctrl_hs | hls_fp_accumulator | return value |
|m_axi_gmem_AWVALID      | out |    1|    m_axi   |        gmem        |    pointer   |
|m_axi_gmem_AWREADY      |  in |    1|    m_axi   |        gmem        |    pointer   |
|m_axi_gmem_AWADDR       | out |   32|    m_axi   |        gmem        |    pointer   |
|m_axi_gmem_AWID         | out |    1|    m_axi   |        gmem        |    pointer   |
|m_axi_gmem_AWLEN        | out |    8|    m_axi   |        gmem        |    pointer   |
|m_axi_gmem_AWSIZE       | out |    3|    m_axi   |        gmem        |    pointer   |
|m_axi_gmem_AWBURST      | out |    2|    m_axi   |        gmem        |    pointer   |
|m_axi_gmem_AWLOCK       | out |    2|    m_axi   |        gmem        |    pointer   |
|m_axi_gmem_AWCACHE      | out |    4|    m_axi   |        gmem        |    pointer   |
|m_axi_gmem_AWPROT       | out |    3|    m_axi   |        gmem        |    pointer   |
|m_axi_gmem_AWQOS        | out |    4|    m_axi   |        gmem        |    pointer   |
|m_axi_gmem_AWREGION     | out |    4|    m_axi   |        gmem        |    pointer   |
|m_axi_gmem_AWUSER       | out |    1|    m_axi   |        gmem        |    pointer   |
|m_axi_gmem_WVALID       | out |    1|    m_axi   |        gmem        |    pointer   |
|m_axi_gmem_WREADY       |  in |    1|    m_axi   |        gmem        |    pointer   |
|m_axi_gmem_WDATA        | out |   32|    m_axi   |        gmem        |    pointer   |
|m_axi_gmem_WSTRB        | out |    4|    m_axi   |        gmem        |    pointer   |
|m_axi_gmem_WLAST        | out |    1|    m_axi   |        gmem        |    pointer   |
|m_axi_gmem_WID          | out |    1|    m_axi   |        gmem        |    pointer   |
|m_axi_gmem_WUSER        | out |    1|    m_axi   |        gmem        |    pointer   |
|m_axi_gmem_ARVALID      | out |    1|    m_axi   |        gmem        |    pointer   |
|m_axi_gmem_ARREADY      |  in |    1|    m_axi   |        gmem        |    pointer   |
|m_axi_gmem_ARADDR       | out |   32|    m_axi   |        gmem        |    pointer   |
|m_axi_gmem_ARID         | out |    1|    m_axi   |        gmem        |    pointer   |
|m_axi_gmem_ARLEN        | out |    8|    m_axi   |        gmem        |    pointer   |
|m_axi_gmem_ARSIZE       | out |    3|    m_axi   |        gmem        |    pointer   |
|m_axi_gmem_ARBURST      | out |    2|    m_axi   |        gmem        |    pointer   |
|m_axi_gmem_ARLOCK       | out |    2|    m_axi   |        gmem        |    pointer   |
|m_axi_gmem_ARCACHE      | out |    4|    m_axi   |        gmem        |    pointer   |
|m_axi_gmem_ARPROT       | out |    3|    m_axi   |        gmem        |    pointer   |
|m_axi_gmem_ARQOS        | out |    4|    m_axi   |        gmem        |    pointer   |
|m_axi_gmem_ARREGION     | out |    4|    m_axi   |        gmem        |    pointer   |
|m_axi_gmem_ARUSER       | out |    1|    m_axi   |        gmem        |    pointer   |
|m_axi_gmem_RVALID       |  in |    1|    m_axi   |        gmem        |    pointer   |
|m_axi_gmem_RREADY       | out |    1|    m_axi   |        gmem        |    pointer   |
|m_axi_gmem_RDATA        |  in |   32|    m_axi   |        gmem        |    pointer   |
|m_axi_gmem_RLAST        |  in |    1|    m_axi   |        gmem        |    pointer   |
|m_axi_gmem_RID          |  in |    1|    m_axi   |        gmem        |    pointer   |
|m_axi_gmem_RUSER        |  in |    1|    m_axi   |        gmem        |    pointer   |
|m_axi_gmem_RRESP        |  in |    2|    m_axi   |        gmem        |    pointer   |
|m_axi_gmem_BVALID       |  in |    1|    m_axi   |        gmem        |    pointer   |
|m_axi_gmem_BREADY       | out |    1|    m_axi   |        gmem        |    pointer   |
|m_axi_gmem_BRESP        |  in |    2|    m_axi   |        gmem        |    pointer   |
|m_axi_gmem_BID          |  in |    1|    m_axi   |        gmem        |    pointer   |
|m_axi_gmem_BUSER        |  in |    1|    m_axi   |        gmem        |    pointer   |
+------------------------+-----+-----+------------+--------------------+--------------+

